#
# A fatal error has been detected by the Java Runtime Environment:
#
#  EXCEPTION_ACCESS_VIOLATION (0xc0000005) at pc=0x00000225beed112d, pid=12100, tid=14844
#
# JRE version: OpenJDK Runtime Environment Corretto-11.0.20.9.1 (11.0.20.1+9) (build 11.0.20.1+9-LTS)
# Java VM: OpenJDK 64-Bit Server VM Corretto-11.0.20.9.1 (11.0.20.1+9-LTS, mixed mode, tiered, compressed oops, g1 gc, windows-amd64)
# Problematic frame:
# v  ~StubRoutines::get_previous_fp
#
# No core dump will be written. Minidumps are not enabled by default on client versions of Windows
#
# If you would like to submit a bug report, please visit:
#   https://github.com/corretto/corretto-11/issues/
#

---------------  S U M M A R Y ------------

Command Line: -javaagent:C:\\Users\\Анастасия\\.m2\\repository\\org\\jacoco\\org.jacoco.agent\\0.8.5\\org.jacoco.agent-0.8.5-runtime.jar=destfile=C:\\Program Files\\папка проекта\\task8\\target\\jacoco.exec C:\Users\08DE~1\AppData\Local\Temp\surefire1457266232854202295\surefirebooter6580927184250280912.jar C:\Users\Анастасия\AppData\Local\Temp\surefire1457266232854202295 2023-10-15T22-05-40_842-jvmRun1 surefire3987282096296343974tmp surefire_01116738041894684824tmp

Host: Intel(R) Core(TM) i5-4440 CPU @ 3.10GHz, 4 cores, 7G,  Windows 10 , 64 bit Build 19041 (10.0.19041.3155)
Time: Sun Oct 15 22:05:41 2023 RTZ 2 (s 10 , 64 bit Build 19041 (10.0.19041.3155) elapsed time: 0.257292 seconds (0d 0h 0m 0s)

---------------  T H R E A D  ---------------

Current thread (0x00000225b4f7b000):  JavaThread "main" [_thread_in_vm, id=14844, stack(0x0000002b4ad00000,0x0000002b4ae00000)]

Stack: [0x0000002b4ad00000,0x0000002b4ae00000],  sp=0x0000002b4adff380,  free space=1020k
Native frames: (J=compiled Java code, j=interpreted, Vv=VM code, C=native code)
C  0x00000225beed112d


siginfo: EXCEPTION_ACCESS_VIOLATION (0xc0000005), reading address 0x00000000000003d8


Register to memory mapping:

RIP=0x00000225beed112d is at begin+8 in a stub
StubRoutines::get_previous_fp [0x00000225beed1125, 0x00000225beed1132[ (13 bytes)
RAX=0x00000000000003d8 is an unknown value
RBX=0x0000002b4adff420 is pointing into the stack for thread: 0x00000225b4f7b000
RCX=0x0000002b4adff420 is pointing into the stack for thread: 0x00000225b4f7b000
RDX=0x0 is NULL
RSP=0x0000002b4adff380 is pointing into the stack for thread: 0x00000225b4f7b000
RBP=0x0000002b4adff380 is pointing into the stack for thread: 0x00000225b4f7b000
RSI=0x0 is NULL
RDI=0x00000225b4f7b000 is a thread
R8 =0x0000002b4adff2f8 is pointing into the stack for thread: 0x00000225b4f7b000
R9 =0x0000000000000001 is an unknown value
R10=0x0 is NULL
R11=0x0000002b4adff3b0 is pointing into the stack for thread: 0x00000225b4f7b000
R12=0x00000225b4f7be48 points into unknown readable memory: 0x10028e1b135ea6a8 | a8 a6 5e 13 1b 8e 02 10
R13=0x0000000000000008 is an unknown value
R14=0x00000225d62f82b0 points into unknown readable memory: 0x00000000899da378 | 78 a3 9d 89 00 00 00 00
R15=0x00000225b4f7ba70 points into unknown readable memory: 0x0072006f006d0020 | 20 00 6d 00 6f 00 72 00


Registers:
RAX=0x00000000000003d8, RBX=0x0000002b4adff420, RCX=0x0000002b4adff420, RDX=0x0000000000000000
RSP=0x0000002b4adff380, RBP=0x0000002b4adff380, RSI=0x0000000000000000, RDI=0x00000225b4f7b000
R8 =0x0000002b4adff2f8, R9 =0x0000000000000001, R10=0x0000000000000000, R11=0x0000002b4adff3b0
R12=0x00000225b4f7be48, R13=0x0000000000000008, R14=0x00000225d62f82b0, R15=0x00000225b4f7ba70
RIP=0x00000225beed112d, EFLAGS=0x0000000000010202

Top of Stack: (sp=0x0000002b4adff380)
0x0000002b4adff380:   00000000000003d8 00007ffc7afb3d36
0x0000002b4adff390:   00000000000000af 0000002b4adff480
0x0000002b4adff3a0:   00007ffca64a82c0 00007ffcac39b3e4
0x0000002b4adff3b0:   0000000000007fd8 00007ffc7aa52c0c
0x0000002b4adff3c0:   00000225b4f7b000 00000225b4e1f010
0x0000002b4adff3d0:   00000000000007d0 00000225b4f7ba60
0x0000002b4adff3e0:   00000225b4f7b000 00007ffc7b102e51
0x0000002b4adff3f0:   00000225b4e1f010 00000225b4f7ba60
0x0000002b4adff400:   00000225b4f7ba60 00000225d5676a48
0x0000002b4adff410:   00000225b4eee058 00007ffca64a148c
0x0000002b4adff420:   0000000000000000 0000000000000004
0x0000002b4adff430:   00007ffca64a82c0 0000002b4adff480
0x0000002b4adff440:   00007ffcac46f540 00000225b4e229d0
0x0000002b4adff450:   0000fd23ddc70dd8 00007ffca64a7ad0
0x0000002b4adff460:   00000225b4f7b000 00007ffc7afb6360
0x0000002b4adff470:   00000225b4f7b348 00007ffca64a82c0 

Instructions: (pc=0x00000225beed112d)
0x00000225beed102d:   84 83 00 00 00 83 fa 07 0f 84 80 00 00 00 89 01
0x00000225beed103d:   48 8d a5 28 fe ff ff c5 fa 6f 75 b8 c5 fa 6f 7d
0x00000225beed104d:   a8 c5 7a 6f 45 98 c5 7a 6f 4d 88 c5 7a 6f 95 78
0x00000225beed105d:   ff ff ff c5 7a 6f 9d 68 ff ff ff c5 7a 6f a5 58
0x00000225beed106d:   ff ff ff c5 7a 6f ad 48 ff ff ff c5 7a 6f b5 38
0x00000225beed107d:   ff ff ff c5 7a 6f bd 28 ff ff ff 4c 8b 7d c8 4c
0x00000225beed108d:   8b 75 d0 4c 8b 6d d8 4c 8b 65 e0 48 8b 5d f8 48
0x00000225beed109d:   8b 7d e8 48 8b 75 f0 48 81 c4 d8 01 00 00 c5 f8
0x00000225beed10ad:   77 5d c3 48 89 01 eb 88 c5 fa 11 01 eb 82 c5 fb
0x00000225beed10bd:   11 01 e9 79 ff ff ff 49 89 47 08 49 ba b0 e4 2a
0x00000225beed10cd:   7b fc 7f 00 00 4d 89 57 10 41 c7 47 18 da 01 00
0x00000225beed10dd:   00 e9 2d ff ff ff 8b c1 87 02 c3 48 8b c1 48 87
0x00000225beed10ed:   02 c3 41 8b c0 f0 0f b1 0a c3 49 0f be c0 f0 0f
0x00000225beed10fd:   b0 0a c3 49 8b c0 f0 48 0f b1 0a c3 8b c1 f0 0f
0x00000225beed110d:   c1 0a 03 c1 c3 48 8b c1 f0 48 0f c1 0a 48 03 c1
0x00000225beed111d:   c3 f0 83 44 24 c0 00 c3 55 48 8b ec 48 8b 45 00
0x00000225beed112d:   48 8b 00 5d c3 48 8b c4 48 83 c0 08 c3 c3 0f 1f
0x00000225beed113d:   44 00 00 55 48 8b ec 49 b9 b0 61 3f 7b fc 7f 00
0x00000225beed114d:   00 f7 d1 41 83 f8 10 0f 8c 38 02 00 00 44 8b da
0x00000225beed115d:   41 83 e3 0f 74 23 41 83 eb 10 45 03 c3 66 90 0f
0x00000225beed116d:   be 02 33 c1 81 e0 ff 00 00 00 c1 e9 08 41 33 0c
0x00000225beed117d:   81 48 ff c2 41 ff c3 7c e6 45 8b d8 41 c1 e8 04
0x00000225beed118d:   0f 84 fc 01 00 00 c5 f9 6f 0a c5 f9 7e c8 33 c8
0x00000225beed119d:   c4 e3 71 22 c9 00 48 83 c2 10 41 83 e8 04 0f 8c
0x00000225beed11ad:   d7 00 00 00 c5 f9 6f 12 c5 f9 6f 5a 10 c5 f9 6f
0x00000225beed11bd:   62 20 48 83 c2 30 41 83 e8 03 0f 8e 70 00 00 00
0x00000225beed11cd:   49 ba a0 61 3f 7b fc 7f 00 00 c4 c1 7a 6f 02 0f
0x00000225beed11dd:   1f 40 00 c4 e3 79 44 e9 11 c4 e3 79 44 c9 00 c5
0x00000225beed11ed:   f1 ef 0a c5 f1 ef cd c4 e3 79 44 ea 11 c4 e3 79
0x00000225beed11fd:   44 d2 00 c5 e9 ef 52 10 c5 e9 ef d5 c4 e3 79 44
0x00000225beed120d:   eb 11 c4 e3 79 44 db 00 c5 e1 ef 5a 20 c5 e1 ef
0x00000225beed121d:   dd c4 e3 79 44 ec 11 c4 e3 79 44 e4 00 c5 d9 ef 


Stack slot to memory mapping:
stack at sp + 0 slots: 0x00000000000003d8 is an unknown value
stack at sp + 1 slots: 0x00007ffc7afb3d36 jvm.dll
stack at sp + 2 slots: 0x00000000000000af is an unknown value
stack at sp + 3 slots: 0x0000002b4adff480 is pointing into the stack for thread: 0x00000225b4f7b000
stack at sp + 4 slots: 0x00007ffca64a82c0 instrument.dll
stack at sp + 5 slots: 0x00007ffcac39b3e4 ucrtbase.dll
stack at sp + 6 slots: 0x0000000000007fd8 is an unknown value
stack at sp + 7 slots: 0x00007ffc7aa52c0c jvm.dll

StubRoutines::get_previous_fp [0x00000225beed1125, 0x00000225beed1132[ (13 bytes)
---------------  P R O C E S S  ---------------

Threads class SMR info:
_java_thread_list=0x00000225d616cd00, length=10, elements={
0x00000225b4f7b000, 0x00000225d5688000, 0x00000225d5691800, 0x00000225d5683800,
0x00000225d5684800, 0x00000225d5686000, 0x00000225d569f000, 0x00000225d56a1800,
0x00000225d56bc000, 0x00000225d560b800
}

Java Threads: ( => current thread )
=>0x00000225b4f7b000 JavaThread "main" [_thread_in_vm, id=14844, stack(0x0000002b4ad00000,0x0000002b4ae00000)]
  0x00000225d5688000 JavaThread "Reference Handler" daemon [_thread_blocked, id=1296, stack(0x0000002b4b400000,0x0000002b4b500000)]
  0x00000225d5691800 JavaThread "Finalizer" daemon [_thread_blocked, id=10308, stack(0x0000002b4b500000,0x0000002b4b600000)]
  0x00000225d5683800 JavaThread "Signal Dispatcher" daemon [_thread_blocked, id=15740, stack(0x0000002b4b600000,0x0000002b4b700000)]
  0x00000225d5684800 JavaThread "Attach Listener" daemon [_thread_blocked, id=10652, stack(0x0000002b4b700000,0x0000002b4b800000)]
  0x00000225d5686000 JavaThread "Service Thread" daemon [_thread_blocked, id=15604, stack(0x0000002b4b800000,0x0000002b4b900000)]
  0x00000225d569f000 JavaThread "C2 CompilerThread0" daemon [_thread_blocked, id=2236, stack(0x0000002b4b900000,0x0000002b4ba00000)]
  0x00000225d56a1800 JavaThread "C1 CompilerThread0" daemon [_thread_blocked, id=1064, stack(0x0000002b4ba00000,0x0000002b4bb00000)]
  0x00000225d56bc000 JavaThread "Sweeper thread" daemon [_thread_blocked, id=6212, stack(0x0000002b4bb00000,0x0000002b4bc00000)]
  0x00000225d560b800 JavaThread "Common-Cleaner" daemon [_thread_blocked, id=15220, stack(0x0000002b4bc00000,0x0000002b4bd00000)]

Other Threads:
  0x00000225d5674000 VMThread "VM Thread" [stack: 0x0000002b4b300000,0x0000002b4b400000] [id=5424]
  0x00000225b4f94000 GCTaskThread "GC Thread#0" [stack: 0x0000002b4ae00000,0x0000002b4af00000] [id=4936]
  0x00000225b4fc4800 ConcurrentGCThread "G1 Main Marker" [stack: 0x0000002b4af00000,0x0000002b4b000000] [id=8324]
  0x00000225b4fc5800 ConcurrentGCThread "G1 Conc#0" [stack: 0x0000002b4b000000,0x0000002b4b100000] [id=11824]
  0x00000225b5056000 ConcurrentGCThread "G1 Refine#0" [stack: 0x0000002b4b100000,0x0000002b4b200000] [id=6020]
  0x00000225b5058000 ConcurrentGCThread "G1 Young RemSet Sampling" [stack: 0x0000002b4b200000,0x0000002b4b300000] [id=2560]

Threads with active compile tasks:

VM state:not at safepoint (normal execution)

VM Mutex/Monitor currently owned by a thread: None

Heap address: 0x0000000081c00000, size: 2020 MB, Compressed Oops mode: 32-bit
Narrow klass base: 0x0000000000000000, Narrow klass shift: 3
Compressed class space size: 1073741824 Address: 0x0000000100000000

Heap:
 garbage-first heap   total 131072K, used 2048K [0x0000000081c00000, 0x0000000100000000)
  region size 1024K, 3 young (3072K), 0 survivors (0K)
 Metaspace       used 6707K, capacity 6850K, committed 7168K, reserved 1056768K
  class space    used 582K, capacity 643K, committed 768K, reserved 1048576K
Heap Regions: E=young(eden), S=young(survivor), O=old, HS=humongous(starts), HC=humongous(continues), CS=collection set, F=free, A=archive, TAMS=top-at-mark-start (previous, next)
|   0|0x0000000081c00000, 0x0000000081c00000, 0x0000000081d00000|  0%| F|  |TAMS 0x0000000081c00000, 0x0000000081c00000| Untracked 
|   1|0x0000000081d00000, 0x0000000081d00000, 0x0000000081e00000|  0%| F|  |TAMS 0x0000000081d00000, 0x0000000081d00000| Untracked 
|   2|0x0000000081e00000, 0x0000000081e00000, 0x0000000081f00000|  0%| F|  |TAMS 0x0000000081e00000, 0x0000000081e00000| Untracked 
|   3|0x0000000081f00000, 0x0000000081f00000, 0x0000000082000000|  0%| F|  |TAMS 0x0000000081f00000, 0x0000000081f00000| Untracked 
|   4|0x0000000082000000, 0x0000000082000000, 0x0000000082100000|  0%| F|  |TAMS 0x0000000082000000, 0x0000000082000000| Untracked 
|   5|0x0000000082100000, 0x0000000082100000, 0x0000000082200000|  0%| F|  |TAMS 0x0000000082100000, 0x0000000082100000| Untracked 
|   6|0x0000000082200000, 0x0000000082200000, 0x0000000082300000|  0%| F|  |TAMS 0x0000000082200000, 0x0000000082200000| Untracked 
|   7|0x0000000082300000, 0x0000000082300000, 0x0000000082400000|  0%| F|  |TAMS 0x0000000082300000, 0x0000000082300000| Untracked 
|   8|0x0000000082400000, 0x0000000082400000, 0x0000000082500000|  0%| F|  |TAMS 0x0000000082400000, 0x0000000082400000| Untracked 
|   9|0x0000000082500000, 0x0000000082500000, 0x0000000082600000|  0%| F|  |TAMS 0x0000000082500000, 0x0000000082500000| Untracked 
|  10|0x0000000082600000, 0x0000000082600000, 0x0000000082700000|  0%| F|  |TAMS 0x0000000082600000, 0x0000000082600000| Untracked 
|  11|0x0000000082700000, 0x0000000082700000, 0x0000000082800000|  0%| F|  |TAMS 0x0000000082700000, 0x0000000082700000| Untracked 
|  12|0x0000000082800000, 0x0000000082800000, 0x0000000082900000|  0%| F|  |TAMS 0x0000000082800000, 0x0000000082800000| Untracked 
|  13|0x0000000082900000, 0x0000000082900000, 0x0000000082a00000|  0%| F|  |TAMS 0x0000000082900000, 0x0000000082900000| Untracked 
|  14|0x0000000082a00000, 0x0000000082a00000, 0x0000000082b00000|  0%| F|  |TAMS 0x0000000082a00000, 0x0000000082a00000| Untracked 
|  15|0x0000000082b00000, 0x0000000082b00000, 0x0000000082c00000|  0%| F|  |TAMS 0x0000000082b00000, 0x0000000082b00000| Untracked 
|  16|0x0000000082c00000, 0x0000000082c00000, 0x0000000082d00000|  0%| F|  |TAMS 0x0000000082c00000, 0x0000000082c00000| Untracked 
|  17|0x0000000082d00000, 0x0000000082d00000, 0x0000000082e00000|  0%| F|  |TAMS 0x0000000082d00000, 0x0000000082d00000| Untracked 
|  18|0x0000000082e00000, 0x0000000082e00000, 0x0000000082f00000|  0%| F|  |TAMS 0x0000000082e00000, 0x0000000082e00000| Untracked 
|  19|0x0000000082f00000, 0x0000000082f00000, 0x0000000083000000|  0%| F|  |TAMS 0x0000000082f00000, 0x0000000082f00000| Untracked 
|  20|0x0000000083000000, 0x0000000083000000, 0x0000000083100000|  0%| F|  |TAMS 0x0000000083000000, 0x0000000083000000| Untracked 
|  21|0x0000000083100000, 0x0000000083100000, 0x0000000083200000|  0%| F|  |TAMS 0x0000000083100000, 0x0000000083100000| Untracked 
|  22|0x0000000083200000, 0x0000000083200000, 0x0000000083300000|  0%| F|  |TAMS 0x0000000083200000, 0x0000000083200000| Untracked 
|  23|0x0000000083300000, 0x0000000083300000, 0x0000000083400000|  0%| F|  |TAMS 0x0000000083300000, 0x0000000083300000| Untracked 
|  24|0x0000000083400000, 0x0000000083400000, 0x0000000083500000|  0%| F|  |TAMS 0x0000000083400000, 0x0000000083400000| Untracked 
|  25|0x0000000083500000, 0x0000000083500000, 0x0000000083600000|  0%| F|  |TAMS 0x0000000083500000, 0x0000000083500000| Untracked 
|  26|0x0000000083600000, 0x0000000083600000, 0x0000000083700000|  0%| F|  |TAMS 0x0000000083600000, 0x0000000083600000| Untracked 
|  27|0x0000000083700000, 0x0000000083700000, 0x0000000083800000|  0%| F|  |TAMS 0x0000000083700000, 0x0000000083700000| Untracked 
|  28|0x0000000083800000, 0x0000000083800000, 0x0000000083900000|  0%| F|  |TAMS 0x0000000083800000, 0x0000000083800000| Untracked 
|  29|0x0000000083900000, 0x0000000083900000, 0x0000000083a00000|  0%| F|  |TAMS 0x0000000083900000, 0x0000000083900000| Untracked 
|  30|0x0000000083a00000, 0x0000000083a00000, 0x0000000083b00000|  0%| F|  |TAMS 0x0000000083a00000, 0x0000000083a00000| Untracked 
|  31|0x0000000083b00000, 0x0000000083b00000, 0x0000000083c00000|  0%| F|  |TAMS 0x0000000083b00000, 0x0000000083b00000| Untracked 
|  32|0x0000000083c00000, 0x0000000083c00000, 0x0000000083d00000|  0%| F|  |TAMS 0x0000000083c00000, 0x0000000083c00000| Untracked 
|  33|0x0000000083d00000, 0x0000000083d00000, 0x0000000083e00000|  0%| F|  |TAMS 0x0000000083d00000, 0x0000000083d00000| Untracked 
|  34|0x0000000083e00000, 0x0000000083e00000, 0x0000000083f00000|  0%| F|  |TAMS 0x0000000083e00000, 0x0000000083e00000| Untracked 
|  35|0x0000000083f00000, 0x0000000083f00000, 0x0000000084000000|  0%| F|  |TAMS 0x0000000083f00000, 0x0000000083f00000| Untracked 
|  36|0x0000000084000000, 0x0000000084000000, 0x0000000084100000|  0%| F|  |TAMS 0x0000000084000000, 0x0000000084000000| Untracked 
|  37|0x0000000084100000, 0x0000000084100000, 0x0000000084200000|  0%| F|  |TAMS 0x0000000084100000, 0x0000000084100000| Untracked 
|  38|0x0000000084200000, 0x0000000084200000, 0x0000000084300000|  0%| F|  |TAMS 0x0000000084200000, 0x0000000084200000| Untracked 
|  39|0x0000000084300000, 0x0000000084300000, 0x0000000084400000|  0%| F|  |TAMS 0x0000000084300000, 0x0000000084300000| Untracked 
|  40|0x0000000084400000, 0x0000000084400000, 0x0000000084500000|  0%| F|  |TAMS 0x0000000084400000, 0x0000000084400000| Untracked 
|  41|0x0000000084500000, 0x0000000084500000, 0x0000000084600000|  0%| F|  |TAMS 0x0000000084500000, 0x0000000084500000| Untracked 
|  42|0x0000000084600000, 0x0000000084600000, 0x0000000084700000|  0%| F|  |TAMS 0x0000000084600000, 0x0000000084600000| Untracked 
|  43|0x0000000084700000, 0x0000000084700000, 0x0000000084800000|  0%| F|  |TAMS 0x0000000084700000, 0x0000000084700000| Untracked 
|  44|0x0000000084800000, 0x0000000084800000, 0x0000000084900000|  0%| F|  |TAMS 0x0000000084800000, 0x0000000084800000| Untracked 
|  45|0x0000000084900000, 0x0000000084900000, 0x0000000084a00000|  0%| F|  |TAMS 0x0000000084900000, 0x0000000084900000| Untracked 
|  46|0x0000000084a00000, 0x0000000084a00000, 0x0000000084b00000|  0%| F|  |TAMS 0x0000000084a00000, 0x0000000084a00000| Untracked 
|  47|0x0000000084b00000, 0x0000000084b00000, 0x0000000084c00000|  0%| F|  |TAMS 0x0000000084b00000, 0x0000000084b00000| Untracked 
|  48|0x0000000084c00000, 0x0000000084c00000, 0x0000000084d00000|  0%| F|  |TAMS 0x0000000084c00000, 0x0000000084c00000| Untracked 
|  49|0x0000000084d00000, 0x0000000084d00000, 0x0000000084e00000|  0%| F|  |TAMS 0x0000000084d00000, 0x0000000084d00000| Untracked 
|  50|0x0000000084e00000, 0x0000000084e00000, 0x0000000084f00000|  0%| F|  |TAMS 0x0000000084e00000, 0x0000000084e00000| Untracked 
|  51|0x0000000084f00000, 0x0000000084f00000, 0x0000000085000000|  0%| F|  |TAMS 0x0000000084f00000, 0x0000000084f00000| Untracked 
|  52|0x0000000085000000, 0x0000000085000000, 0x0000000085100000|  0%| F|  |TAMS 0x0000000085000000, 0x0000000085000000| Untracked 
|  53|0x0000000085100000, 0x0000000085100000, 0x0000000085200000|  0%| F|  |TAMS 0x0000000085100000, 0x0000000085100000| Untracked 
|  54|0x0000000085200000, 0x0000000085200000, 0x0000000085300000|  0%| F|  |TAMS 0x0000000085200000, 0x0000000085200000| Untracked 
|  55|0x0000000085300000, 0x0000000085300000, 0x0000000085400000|  0%| F|  |TAMS 0x0000000085300000, 0x0000000085300000| Untracked 
|  56|0x0000000085400000, 0x0000000085400000, 0x0000000085500000|  0%| F|  |TAMS 0x0000000085400000, 0x0000000085400000| Untracked 
|  57|0x0000000085500000, 0x0000000085500000, 0x0000000085600000|  0%| F|  |TAMS 0x0000000085500000, 0x0000000085500000| Untracked 
|  58|0x0000000085600000, 0x0000000085600000, 0x0000000085700000|  0%| F|  |TAMS 0x0000000085600000, 0x0000000085600000| Untracked 
|  59|0x0000000085700000, 0x0000000085700000, 0x0000000085800000|  0%| F|  |TAMS 0x0000000085700000, 0x0000000085700000| Untracked 
|  60|0x0000000085800000, 0x0000000085800000, 0x0000000085900000|  0%| F|  |TAMS 0x0000000085800000, 0x0000000085800000| Untracked 
|  61|0x0000000085900000, 0x0000000085900000, 0x0000000085a00000|  0%| F|  |TAMS 0x0000000085900000, 0x0000000085900000| Untracked 
|  62|0x0000000085a00000, 0x0000000085a00000, 0x0000000085b00000|  0%| F|  |TAMS 0x0000000085a00000, 0x0000000085a00000| Untracked 
|  63|0x0000000085b00000, 0x0000000085b00000, 0x0000000085c00000|  0%| F|  |TAMS 0x0000000085b00000, 0x0000000085b00000| Untracked 
|  64|0x0000000085c00000, 0x0000000085c00000, 0x0000000085d00000|  0%| F|  |TAMS 0x0000000085c00000, 0x0000000085c00000| Untracked 
|  65|0x0000000085d00000, 0x0000000085d00000, 0x0000000085e00000|  0%| F|  |TAMS 0x0000000085d00000, 0x0000000085d00000| Untracked 
|  66|0x0000000085e00000, 0x0000000085e00000, 0x0000000085f00000|  0%| F|  |TAMS 0x0000000085e00000, 0x0000000085e00000| Untracked 
|  67|0x0000000085f00000, 0x0000000085f00000, 0x0000000086000000|  0%| F|  |TAMS 0x0000000085f00000, 0x0000000085f00000| Untracked 
|  68|0x0000000086000000, 0x0000000086000000, 0x0000000086100000|  0%| F|  |TAMS 0x0000000086000000, 0x0000000086000000| Untracked 
|  69|0x0000000086100000, 0x0000000086100000, 0x0000000086200000|  0%| F|  |TAMS 0x0000000086100000, 0x0000000086100000| Untracked 
|  70|0x0000000086200000, 0x0000000086200000, 0x0000000086300000|  0%| F|  |TAMS 0x0000000086200000, 0x0000000086200000| Untracked 
|  71|0x0000000086300000, 0x0000000086300000, 0x0000000086400000|  0%| F|  |TAMS 0x0000000086300000, 0x0000000086300000| Untracked 
|  72|0x0000000086400000, 0x0000000086400000, 0x0000000086500000|  0%| F|  |TAMS 0x0000000086400000, 0x0000000086400000| Untracked 
|  73|0x0000000086500000, 0x0000000086500000, 0x0000000086600000|  0%| F|  |TAMS 0x0000000086500000, 0x0000000086500000| Untracked 
|  74|0x0000000086600000, 0x0000000086600000, 0x0000000086700000|  0%| F|  |TAMS 0x0000000086600000, 0x0000000086600000| Untracked 
|  75|0x0000000086700000, 0x0000000086700000, 0x0000000086800000|  0%| F|  |TAMS 0x0000000086700000, 0x0000000086700000| Untracked 
|  76|0x0000000086800000, 0x0000000086800000, 0x0000000086900000|  0%| F|  |TAMS 0x0000000086800000, 0x0000000086800000| Untracked 
|  77|0x0000000086900000, 0x0000000086900000, 0x0000000086a00000|  0%| F|  |TAMS 0x0000000086900000, 0x0000000086900000| Untracked 
|  78|0x0000000086a00000, 0x0000000086a00000, 0x0000000086b00000|  0%| F|  |TAMS 0x0000000086a00000, 0x0000000086a00000| Untracked 
|  79|0x0000000086b00000, 0x0000000086b00000, 0x0000000086c00000|  0%| F|  |TAMS 0x0000000086b00000, 0x0000000086b00000| Untracked 
|  80|0x0000000086c00000, 0x0000000086c00000, 0x0000000086d00000|  0%| F|  |TAMS 0x0000000086c00000, 0x0000000086c00000| Untracked 
|  81|0x0000000086d00000, 0x0000000086d00000, 0x0000000086e00000|  0%| F|  |TAMS 0x0000000086d00000, 0x0000000086d00000| Untracked 
|  82|0x0000000086e00000, 0x0000000086e00000, 0x0000000086f00000|  0%| F|  |TAMS 0x0000000086e00000, 0x0000000086e00000| Untracked 
|  83|0x0000000086f00000, 0x0000000086f00000, 0x0000000087000000|  0%| F|  |TAMS 0x0000000086f00000, 0x0000000086f00000| Untracked 
|  84|0x0000000087000000, 0x0000000087000000, 0x0000000087100000|  0%| F|  |TAMS 0x0000000087000000, 0x0000000087000000| Untracked 
|  85|0x0000000087100000, 0x0000000087100000, 0x0000000087200000|  0%| F|  |TAMS 0x0000000087100000, 0x0000000087100000| Untracked 
|  86|0x0000000087200000, 0x0000000087200000, 0x0000000087300000|  0%| F|  |TAMS 0x0000000087200000, 0x0000000087200000| Untracked 
|  87|0x0000000087300000, 0x0000000087300000, 0x0000000087400000|  0%| F|  |TAMS 0x0000000087300000, 0x0000000087300000| Untracked 
|  88|0x0000000087400000, 0x0000000087400000, 0x0000000087500000|  0%| F|  |TAMS 0x0000000087400000, 0x0000000087400000| Untracked 
|  89|0x0000000087500000, 0x0000000087500000, 0x0000000087600000|  0%| F|  |TAMS 0x0000000087500000, 0x0000000087500000| Untracked 
|  90|0x0000000087600000, 0x0000000087600000, 0x0000000087700000|  0%| F|  |TAMS 0x0000000087600000, 0x0000000087600000| Untracked 
|  91|0x0000000087700000, 0x0000000087700000, 0x0000000087800000|  0%| F|  |TAMS 0x0000000087700000, 0x0000000087700000| Untracked 
|  92|0x0000000087800000, 0x0000000087800000, 0x0000000087900000|  0%| F|  |TAMS 0x0000000087800000, 0x0000000087800000| Untracked 
|  93|0x0000000087900000, 0x0000000087900000, 0x0000000087a00000|  0%| F|  |TAMS 0x0000000087900000, 0x0000000087900000| Untracked 
|  94|0x0000000087a00000, 0x0000000087a00000, 0x0000000087b00000|  0%| F|  |TAMS 0x0000000087a00000, 0x0000000087a00000| Untracked 
|  95|0x0000000087b00000, 0x0000000087b00000, 0x0000000087c00000|  0%| F|  |TAMS 0x0000000087b00000, 0x0000000087b00000| Untracked 
|  96|0x0000000087c00000, 0x0000000087c00000, 0x0000000087d00000|  0%| F|  |TAMS 0x0000000087c00000, 0x0000000087c00000| Untracked 
|  97|0x0000000087d00000, 0x0000000087d00000, 0x0000000087e00000|  0%| F|  |TAMS 0x0000000087d00000, 0x0000000087d00000| Untracked 
|  98|0x0000000087e00000, 0x0000000087e00000, 0x0000000087f00000|  0%| F|  |TAMS 0x0000000087e00000, 0x0000000087e00000| Untracked 
|  99|0x0000000087f00000, 0x0000000087f00000, 0x0000000088000000|  0%| F|  |TAMS 0x0000000087f00000, 0x0000000087f00000| Untracked 
| 100|0x0000000088000000, 0x0000000088000000, 0x0000000088100000|  0%| F|  |TAMS 0x0000000088000000, 0x0000000088000000| Untracked 
| 101|0x0000000088100000, 0x0000000088100000, 0x0000000088200000|  0%| F|  |TAMS 0x0000000088100000, 0x0000000088100000| Untracked 
| 102|0x0000000088200000, 0x0000000088200000, 0x0000000088300000|  0%| F|  |TAMS 0x0000000088200000, 0x0000000088200000| Untracked 
| 103|0x0000000088300000, 0x0000000088300000, 0x0000000088400000|  0%| F|  |TAMS 0x0000000088300000, 0x0000000088300000| Untracked 
| 104|0x0000000088400000, 0x0000000088400000, 0x0000000088500000|  0%| F|  |TAMS 0x0000000088400000, 0x0000000088400000| Untracked 
| 105|0x0000000088500000, 0x0000000088500000, 0x0000000088600000|  0%| F|  |TAMS 0x0000000088500000, 0x0000000088500000| Untracked 
| 106|0x0000000088600000, 0x0000000088600000, 0x0000000088700000|  0%| F|  |TAMS 0x0000000088600000, 0x0000000088600000| Untracked 
| 107|0x0000000088700000, 0x0000000088700000, 0x0000000088800000|  0%| F|  |TAMS 0x0000000088700000, 0x0000000088700000| Untracked 
| 108|0x0000000088800000, 0x0000000088800000, 0x0000000088900000|  0%| F|  |TAMS 0x0000000088800000, 0x0000000088800000| Untracked 
| 109|0x0000000088900000, 0x0000000088900000, 0x0000000088a00000|  0%| F|  |TAMS 0x0000000088900000, 0x0000000088900000| Untracked 
| 110|0x0000000088a00000, 0x0000000088a00000, 0x0000000088b00000|  0%| F|  |TAMS 0x0000000088a00000, 0x0000000088a00000| Untracked 
| 111|0x0000000088b00000, 0x0000000088b00000, 0x0000000088c00000|  0%| F|  |TAMS 0x0000000088b00000, 0x0000000088b00000| Untracked 
| 112|0x0000000088c00000, 0x0000000088c00000, 0x0000000088d00000|  0%| F|  |TAMS 0x0000000088c00000, 0x0000000088c00000| Untracked 
| 113|0x0000000088d00000, 0x0000000088d00000, 0x0000000088e00000|  0%| F|  |TAMS 0x0000000088d00000, 0x0000000088d00000| Untracked 
| 114|0x0000000088e00000, 0x0000000088e00000, 0x0000000088f00000|  0%| F|  |TAMS 0x0000000088e00000, 0x0000000088e00000| Untracked 
| 115|0x0000000088f00000, 0x0000000088f00000, 0x0000000089000000|  0%| F|  |TAMS 0x0000000088f00000, 0x0000000088f00000| Untracked 
| 116|0x0000000089000000, 0x0000000089000000, 0x0000000089100000|  0%| F|  |TAMS 0x0000000089000000, 0x0000000089000000| Untracked 
| 117|0x0000000089100000, 0x0000000089100000, 0x0000000089200000|  0%| F|  |TAMS 0x0000000089100000, 0x0000000089100000| Untracked 
| 118|0x0000000089200000, 0x0000000089200000, 0x0000000089300000|  0%| F|  |TAMS 0x0000000089200000, 0x0000000089200000| Untracked 
| 119|0x0000000089300000, 0x0000000089300000, 0x0000000089400000|  0%| F|  |TAMS 0x0000000089300000, 0x0000000089300000| Untracked 
| 120|0x0000000089400000, 0x0000000089400000, 0x0000000089500000|  0%| F|  |TAMS 0x0000000089400000, 0x0000000089400000| Untracked 
| 121|0x0000000089500000, 0x0000000089500000, 0x0000000089600000|  0%| F|  |TAMS 0x0000000089500000, 0x0000000089500000| Untracked 
| 122|0x0000000089600000, 0x0000000089600000, 0x0000000089700000|  0%| F|  |TAMS 0x0000000089600000, 0x0000000089600000| Untracked 
| 123|0x0000000089700000, 0x0000000089700000, 0x0000000089800000|  0%| F|  |TAMS 0x0000000089700000, 0x0000000089700000| Untracked 
| 124|0x0000000089800000, 0x0000000089800000, 0x0000000089900000|  0%| F|  |TAMS 0x0000000089800000, 0x0000000089800000| Untracked 
| 125|0x0000000089900000, 0x00000000899dc188, 0x0000000089a00000| 85%| E|  |TAMS 0x0000000089900000, 0x0000000089900000| Complete 
| 126|0x0000000089a00000, 0x0000000089b00000, 0x0000000089b00000|100%| E|CS|TAMS 0x0000000089a00000, 0x0000000089a00000| Complete 
| 127|0x0000000089b00000, 0x0000000089c00000, 0x0000000089c00000|100%| E|CS|TAMS 0x0000000089b00000, 0x0000000089b00000| Complete 

Card table byte_map: [0x00000225ce900000,0x00000225ced00000] _byte_map_base: 0x00000225ce4f2000

Marking Bits (Prev, Next): (CMBitMap*) 0x00000225b4fbba88, (CMBitMap*) 0x00000225b4fbbac0
 Prev Bits: [0x00000225cf100000, 0x00000225d1090000)
 Next Bits: [0x00000225d1090000, 0x00000225d3020000)

Polling page: 0x00000225b6810000

Metaspace:

Usage:
  Non-class:      6.06 MB capacity,     5.98 MB ( 99%) used,    77.18 KB (  1%) free+waste,     4.50 KB ( <1%) overhead. 
      Class:    643.00 KB capacity,   582.12 KB ( 91%) used,    58.70 KB (  9%) free+waste,     2.19 KB ( <1%) overhead. 
       Both:      6.69 MB capacity,     6.55 MB ( 98%) used,   135.88 KB (  2%) free+waste,     6.69 KB ( <1%) overhead. 

Virtual space:
  Non-class space:        8.00 MB reserved,       6.25 MB ( 78%) committed 
      Class space:        1.00 GB reserved,     768.00 KB ( <1%) committed 
             Both:        1.01 GB reserved,       7.00 MB ( <1%) committed 

Chunk freelists:
   Non-Class:  1.00 KB
       Class:  29.00 KB
        Both:  30.00 KB

MaxMetaspaceSize: 17179869184.00 GB
CompressedClassSpaceSize: 1.00 GB
Initial GC threshold: 20.80 MB
Current GC threshold: 20.80 MB
CDS: off

CodeHeap 'non-profiled nmethods': size=120064Kb used=102Kb max_used=102Kb free=119961Kb
 bounds [0x00000225c6990000, 0x00000225c6c00000, 0x00000225cded0000]
CodeHeap 'profiled nmethods': size=120000Kb used=396Kb max_used=396Kb free=119603Kb
 bounds [0x00000225bf460000, 0x00000225bf6d0000, 0x00000225c6990000]
CodeHeap 'non-nmethods': size=5696Kb used=1100Kb max_used=1112Kb free=4595Kb
 bounds [0x00000225beed0000, 0x00000225bf140000, 0x00000225bf460000]
 total_blobs=677 nmethods=334 adapters=256
 compilation: enabled
              stopped_count=0, restarted_count=0
 full_count=0

Compilation events (20 events):
Event: 0.249 Thread 0x00000225d56a1800 nmethod 326 0x00000225bf4be890 code [0x00000225bf4beb20, 0x00000225bf4bf888]
Event: 0.249 Thread 0x00000225d56a1800  323   !   3       jdk.internal.loader.URLClassPath$JarLoader::getResource (65 bytes)
Event: 0.250 Thread 0x00000225d569f000 nmethod 325 0x00000225c69a9010 code [0x00000225c69a91a0, 0x00000225c69a9238]
Event: 0.250 Thread 0x00000225d56a1800 nmethod 323 0x00000225bf4bff10 code [0x00000225bf4c01e0, 0x00000225bf4c1068]
Event: 0.250 Thread 0x00000225d56a1800  327       3       sun.nio.cs.SingleByte$Decoder::decode (11 bytes)
Event: 0.251 Thread 0x00000225d56a1800 nmethod 327 0x00000225bf4c1590 code [0x00000225bf4c1740, 0x00000225bf4c1878]
Event: 0.251 Thread 0x00000225d56a1800  328       3       sun.nio.cs.SingleByte$Encoder::encode (32 bytes)
Event: 0.251 Thread 0x00000225d56a1800 nmethod 328 0x00000225bf4c1990 code [0x00000225bf4c1b40, 0x00000225bf4c1cf8]
Event: 0.251 Thread 0x00000225d56a1800  329       1       java.nio.Buffer::position (5 bytes)
Event: 0.251 Thread 0x00000225d56a1800 nmethod 329 0x00000225c69a9310 code [0x00000225c69a94c0, 0x00000225c69a9578]
Event: 0.251 Thread 0x00000225d56a1800  330       1       java.nio.Buffer::limit (5 bytes)
Event: 0.251 Thread 0x00000225d56a1800 nmethod 330 0x00000225c69a9610 code [0x00000225c69a97c0, 0x00000225c69a9878]
Event: 0.251 Thread 0x00000225d56a1800  331       3       java.util.Collections$UnmodifiableCollection$1::next (10 bytes)
Event: 0.252 Thread 0x00000225d56a1800 nmethod 331 0x00000225bf4c1e10 code [0x00000225bf4c1fc0, 0x00000225bf4c2188]
Event: 0.252 Thread 0x00000225d56a1800  332       3       java.nio.Buffer::position (52 bytes)
Event: 0.253 Thread 0x00000225d56a1800 nmethod 332 0x00000225bf4c2290 code [0x00000225bf4c2460, 0x00000225bf4c26c8]
Event: 0.253 Thread 0x00000225d56a1800  333       3       java.nio.ByteBuffer::arrayOffset (35 bytes)
Event: 0.254 Thread 0x00000225d56a1800 nmethod 333 0x00000225bf4c2790 code [0x00000225bf4c2960, 0x00000225bf4c2bd8]
Event: 0.254 Thread 0x00000225d56a1800  334       3       java.nio.CharBuffer::arrayOffset (35 bytes)
Event: 0.254 Thread 0x00000225d56a1800 nmethod 334 0x00000225bf4c2d10 code [0x00000225bf4c2ee0, 0x00000225bf4c3158]

GC Heap History (0 events):
No events

Deoptimization events (10 events):
Event: 0.150 Thread 0x00000225b4f7b000 Uncommon trap: trap_request=0xffffff4d fr.pc=0x00000225c6998028 relative=0x0000000000000188
Event: 0.150 Thread 0x00000225b4f7b000 Uncommon trap: reason=unstable_if action=reinterpret pc=0x00000225c6998028 method=java.lang.String.hashCode()I @ 22 c2
Event: 0.150 Thread 0x00000225b4f7b000 DEOPT PACKING pc=0x00000225c6998028 sp=0x0000002b4adfe9f0
Event: 0.150 Thread 0x00000225b4f7b000 DEOPT UNPACKING pc=0x00000225bef1a1af sp=0x0000002b4adfe978 mode 2
Event: 0.152 Thread 0x00000225b4f7b000 Uncommon trap: trap_request=0xffffff4d fr.pc=0x00000225c6999da8 relative=0x0000000000000188
Event: 0.152 Thread 0x00000225b4f7b000 Uncommon trap: reason=unstable_if action=reinterpret pc=0x00000225c6999da8 method=java.lang.String.equals(Ljava/lang/Object;)Z @ 27 c2
Event: 0.152 Thread 0x00000225b4f7b000 DEOPT PACKING pc=0x00000225c6999da8 sp=0x0000002b4adfeaa0
Event: 0.152 Thread 0x00000225b4f7b000 DEOPT UNPACKING pc=0x00000225bef1a1af sp=0x0000002b4adfea40 mode 2
Event: 0.200 Thread 0x00000225b4f7b000 DEOPT PACKING pc=0x00000225bf49963b sp=0x0000002b4adfacc0
Event: 0.200 Thread 0x00000225b4f7b000 DEOPT UNPACKING pc=0x00000225bef1a95e sp=0x0000002b4adfa190 mode 0

Classes redefined (0 events):
No events

Internal exceptions (2 events):
Event: 0.251 Thread 0x00000225b4f7b000 Exception <a 'java/io/FileNotFoundException'{0x00000000899cf568}> (0x00000000899cf568) thrown at [s\src\hotspot\share\prims\jni.cpp, line 617]
Event: 0.253 Thread 0x00000225b4f7b000 Exception <a 'java/lang/reflect/InvocationTargetException'{0x00000000899d5790}> (0x00000000899d5790) thrown at [s\src\hotspot\share\runtime\reflection.cpp, line 1245]

Events (20 events):
Event: 0.248 loading class org/jacoco/agent/rt/internal_43f5073/Agent$2
Event: 0.248 loading class org/jacoco/agent/rt/internal_43f5073/Agent$2 done
Event: 0.248 loading class java/lang/NoSuchFieldError
Event: 0.248 loading class java/lang/IncompatibleClassChangeError
Event: 0.248 loading class java/lang/IncompatibleClassChangeError done
Event: 0.248 loading class java/lang/NoSuchFieldError done
Event: 0.248 loading class org/jacoco/agent/rt/internal_43f5073/output/FileOutput
Event: 0.248 loading class org/jacoco/agent/rt/internal_43f5073/output/FileOutput done
Event: 0.250 loading class java/io/FileNotFoundException
Event: 0.251 loading class java/io/FileNotFoundException done
Event: 0.251 Executing VM operation: Deoptimize
Event: 0.251 Executing VM operation: Deoptimize done
Event: 0.251 loading class java/lang/Throwable$WrappedPrintStream
Event: 0.251 loading class java/lang/Throwable$PrintStreamOrWriter
Event: 0.251 loading class java/lang/Throwable$PrintStreamOrWriter done
Event: 0.251 loading class java/lang/Throwable$WrappedPrintStream done
Event: 0.251 loading class java/lang/StackTraceElement$HashedModules
Event: 0.251 loading class java/lang/StackTraceElement$HashedModules done
Event: 0.253 loading class java/lang/reflect/InvocationTargetException
Event: 0.253 loading class java/lang/reflect/InvocationTargetException done


Dynamic libraries:
0x00007ff62f240000 - 0x00007ff62f24d000 	C:\Users\Анастасия\.jdks\corretto-11.0.20.1\bin\java.exe
0x00007ffcae450000 - 0x00007ffcae648000 	C:\WINDOWS\SYSTEM32\ntdll.dll
0x00007ffcae280000 - 0x00007ffcae33f000 	C:\WINDOWS\System32\KERNEL32.DLL
0x00007ffcabbc0000 - 0x00007ffcabeb6000 	C:\WINDOWS\System32\KERNELBASE.dll
0x00007ffcac380000 - 0x00007ffcac480000 	C:\WINDOWS\System32\ucrtbase.dll
0x00007ffca45b0000 - 0x00007ffca45c7000 	C:\Users\Анастасия\.jdks\corretto-11.0.20.1\bin\jli.dll
0x00007ffca4700000 - 0x00007ffca4719000 	C:\Users\Анастасия\.jdks\corretto-11.0.20.1\bin\VCRUNTIME140.dll
0x00007ffcac790000 - 0x00007ffcac92d000 	C:\WINDOWS\System32\USER32.dll
0x00007ffc96cb0000 - 0x00007ffc96f4a000 	C:\WINDOWS\WinSxS\amd64_microsoft.windows.common-controls_6595b64144ccf1df_6.0.19041.1110_none_60b5254171f9507e\COMCTL32.dll
0x00007ffcabb90000 - 0x00007ffcabbb2000 	C:\WINDOWS\System32\win32u.dll
0x00007ffcadf80000 - 0x00007ffcae01e000 	C:\WINDOWS\System32\msvcrt.dll
0x00007ffcae110000 - 0x00007ffcae13c000 	C:\WINDOWS\System32\GDI32.dll
0x00007ffcac260000 - 0x00007ffcac375000 	C:\WINDOWS\System32\gdi32full.dll
0x00007ffcabf60000 - 0x00007ffcabffd000 	C:\WINDOWS\System32\msvcp_win.dll
0x00007ffcad1d0000 - 0x00007ffcad200000 	C:\WINDOWS\System32\IMM32.DLL
0x00007ffc95380000 - 0x00007ffc9541b000 	C:\Users\Анастасия\.jdks\corretto-11.0.20.1\bin\msvcp140.dll
0x00007ffc7a990000 - 0x00007ffc7b51b000 	C:\Users\Анастасия\.jdks\corretto-11.0.20.1\bin\server\jvm.dll
0x00007ffcad120000 - 0x00007ffcad1cf000 	C:\WINDOWS\System32\ADVAPI32.dll
0x00007ffcae340000 - 0x00007ffcae3dc000 	C:\WINDOWS\System32\sechost.dll
0x00007ffcae140000 - 0x00007ffcae266000 	C:\WINDOWS\System32\RPCRT4.dll
0x00007ffcae270000 - 0x00007ffcae278000 	C:\WINDOWS\System32\PSAPI.DLL
0x00007ffca53a0000 - 0x00007ffca53c7000 	C:\WINDOWS\SYSTEM32\WINMM.dll
0x00007ffca60a0000 - 0x00007ffca60aa000 	C:\WINDOWS\SYSTEM32\VERSION.dll
0x00007ffc8e850000 - 0x00007ffc8e859000 	C:\WINDOWS\SYSTEM32\WSOCK32.dll
0x00007ffcacc40000 - 0x00007ffcaccab000 	C:\WINDOWS\System32\WS2_32.dll
0x00007ffca99d0000 - 0x00007ffca99e2000 	C:\WINDOWS\SYSTEM32\kernel.appcore.dll
0x00007ffca5a90000 - 0x00007ffca5aa0000 	C:\Users\Анастасия\.jdks\corretto-11.0.20.1\bin\verify.dll
0x00007ffca5800000 - 0x00007ffca59e4000 	C:\WINDOWS\SYSTEM32\DBGHELP.DLL
0x00007ffca55b0000 - 0x00007ffca55e4000 	C:\WINDOWS\SYSTEM32\dbgcore.DLL
0x00007ffcabb00000 - 0x00007ffcabb82000 	C:\WINDOWS\System32\bcryptPrimitives.dll
0x00007ffca4580000 - 0x00007ffca45a8000 	C:\Users\Анастасия\.jdks\corretto-11.0.20.1\bin\java.dll
0x00007ffca46c0000 - 0x00007ffca46ca000 	C:\Users\Анастасия\.jdks\corretto-11.0.20.1\bin\jimage.dll
0x00007ffca64a0000 - 0x00007ffca64ae000 	C:\Users\Анастасия\.jdks\corretto-11.0.20.1\bin\instrument.dll
0x00007ffca3a10000 - 0x00007ffca3a28000 	C:\Users\Анастасия\.jdks\corretto-11.0.20.1\bin\zip.dll
0x00007ffcad780000 - 0x00007ffcadec4000 	C:\WINDOWS\System32\SHELL32.dll
0x00007ffca9bd0000 - 0x00007ffcaa364000 	C:\WINDOWS\SYSTEM32\windows.storage.dll
0x00007ffcad200000 - 0x00007ffcad554000 	C:\WINDOWS\System32\combase.dll
0x00007ffcab540000 - 0x00007ffcab56e000 	C:\WINDOWS\SYSTEM32\Wldp.dll
0x00007ffcad6d0000 - 0x00007ffcad77d000 	C:\WINDOWS\System32\SHCORE.dll
0x00007ffcac480000 - 0x00007ffcac4d5000 	C:\WINDOWS\System32\shlwapi.dll
0x00007ffcaba30000 - 0x00007ffcaba55000 	C:\WINDOWS\SYSTEM32\profapi.dll
0x00007ffca3390000 - 0x00007ffca33a9000 	C:\Users\Анастасия\.jdks\corretto-11.0.20.1\bin\net.dll
0x00007ffca4800000 - 0x00007ffca490a000 	C:\WINDOWS\SYSTEM32\WINHTTP.dll
0x00007ffcab2a0000 - 0x00007ffcab30a000 	C:\WINDOWS\system32\mswsock.dll
0x00007ffca3370000 - 0x00007ffca3383000 	C:\Users\Анастасия\.jdks\corretto-11.0.20.1\bin\nio.dll
0x00007ffc60e00000 - 0x00007ffc60e17000 	C:\WINDOWS\system32\napinsp.dll
0x00007ffc60e20000 - 0x00007ffc60e3b000 	C:\WINDOWS\system32\pnrpnsp.dll
0x00007ffc94620000 - 0x00007ffc94635000 	C:\WINDOWS\system32\wshbth.dll
0x00007ffca62b0000 - 0x00007ffca62cd000 	C:\WINDOWS\system32\NLAapi.dll
0x00007ffcaaf40000 - 0x00007ffcaaf7c000 	C:\WINDOWS\SYSTEM32\IPHLPAPI.DLL
0x00007ffcaaf90000 - 0x00007ffcab05a000 	C:\WINDOWS\SYSTEM32\DNSAPI.dll
0x00007ffcae030000 - 0x00007ffcae038000 	C:\WINDOWS\System32\NSI.dll
0x00007ffc60e40000 - 0x00007ffc60e52000 	C:\WINDOWS\System32\winrnr.dll
0x00007ffc9bc20000 - 0x00007ffc9bc2a000 	C:\Windows\System32\rasadhlp.dll
0x00007ffc9b5f0000 - 0x00007ffc9b672000 	C:\WINDOWS\System32\fwpuclnt.dll
0x00007ffcabf30000 - 0x00007ffcabf57000 	C:\WINDOWS\System32\bcrypt.dll

dbghelp: loaded successfully - version: 4.0.5 - missing functions: none
symbol engine: initialized successfully - sym options: 0x614 - pdb path: .;C:\Users\Анастасия\.jdks\corretto-11.0.20.1\bin;C:\WINDOWS\SYSTEM32;C:\WINDOWS\WinSxS\amd64_microsoft.windows.common-controls_6595b64144ccf1df_6.0.19041.1110_none_60b5254171f9507e;C:\Users\Анастасия\.jdks\corretto-11.0.20.1\bin\server

VM Arguments:
jvm_args: -javaagent:C:\\Users\\Анастасия\\.m2\\repository\\org\\jacoco\\org.jacoco.agent\\0.8.5\\org.jacoco.agent-0.8.5-runtime.jar=destfile=C:\\Program Files\\папка проекта\\task8\\target\\jacoco.exec 
java_command: C:\Users\08DE~1\AppData\Local\Temp\surefire1457266232854202295\surefirebooter6580927184250280912.jar C:\Users\Анастасия\AppData\Local\Temp\surefire1457266232854202295 2023-10-15T22-05-40_842-jvmRun1 surefire3987282096296343974tmp surefire_01116738041894684824tmp
java_class_path (initial): C:\Users\08DE~1\AppData\Local\Temp\surefire1457266232854202295\surefirebooter6580927184250280912.jar
Launcher Type: SUN_STANDARD

[Global flags]
     intx CICompilerCount                          = 3                                         {product} {ergonomic}
     uint ConcGCThreads                            = 1                                         {product} {ergonomic}
     uint G1ConcRefinementThreads                  = 4                                         {product} {ergonomic}
   size_t G1HeapRegionSize                         = 1048576                                   {product} {ergonomic}
    uintx GCDrainStackTargetSize                   = 64                                        {product} {ergonomic}
   size_t InitialHeapSize                          = 134217728                                 {product} {ergonomic}
   size_t MarkStackSize                            = 4194304                                   {product} {ergonomic}
   size_t MaxHeapSize                              = 2118123520                                {product} {ergonomic}
   size_t MaxNewSize                               = 1270874112                                {product} {ergonomic}
   size_t MinHeapDeltaBytes                        = 1048576                                   {product} {ergonomic}
    uintx NonNMethodCodeHeapSize                   = 5830732                                {pd product} {ergonomic}
    uintx NonProfiledCodeHeapSize                  = 122913754                              {pd product} {ergonomic}
    uintx ProfiledCodeHeapSize                     = 122913754                              {pd product} {ergonomic}
    uintx ReservedCodeCacheSize                    = 251658240                              {pd product} {ergonomic}
     bool SegmentedCodeCache                       = true                                      {product} {ergonomic}
     bool UseCompressedClassPointers               = true                                 {lp64_product} {ergonomic}
     bool UseCompressedOops                        = true                                 {lp64_product} {ergonomic}
     bool UseG1GC                                  = true                                      {product} {ergonomic}
     bool UseLargePagesIndividualAllocation        = false                                  {pd product} {ergonomic}

Logging:
Log output configuration:
 #0: stdout all=warning uptime,level,tags
 #1: stderr all=off uptime,level,tags

Environment Variables:
PATH=C:\Program Files (x86)\Common Files\Oracle\Java\javapath;C:\WINDOWS\system32;C:\WINDOWS;C:\WINDOWS\System32\Wbem;C:\WINDOWS\System32\WindowsPowerShell\v1.0\;C:\WINDOWS\System32\OpenSSH\;C:\Program Files\Git\cmd;C:\Program Files (x86)\Microsoft SQL Server\160\Tools\Binn\;C:\Program Files\Microsoft SQL Server\160\Tools\Binn\;C:\Program Files\Microsoft SQL Server\Client SDK\ODBC\170\Tools\Binn\;C:\Program Files\Microsoft SQL Server\160\DTS\Binn\;C:\Program Files\Azure Data Studio\bin;C:\Program Files (x86)\Microsoft SQL Server\160\DTS\Binn\;C:\Users\Анастасия\AppData\Local\Microsoft\WindowsApps;;C:\Users\Анастасия\AppData\Local\Programs\Microsoft VS Code\bin;C:\Program Files\Azure Data Studio\bin
USERNAME=Анастасия
OS=Windows_NT
PROCESSOR_IDENTIFIER=Intel64 Family 6 Model 60 Stepping 3, GenuineIntel
TMP=C:\Users\08DE~1\AppData\Local\Temp
TEMP=C:\Users\08DE~1\AppData\Local\Temp



---------------  S Y S T E M  ---------------

OS: Windows 10 , 64 bit Build 19041 (10.0.19041.3155)
OS uptime: 0 days 5:55 hours

CPU:total 4 (initial active 4) (4 cores per cpu, 1 threads per core) family 6 model 60 stepping 3 microcode 0x27, cmov, cx8, fxsr, mmx, sse, sse2, sse3, ssse3, sse4.1, sse4.2, popcnt, avx, avx2, aes, clmul, erms, lzcnt, tsc, tscinvbit, bmi1, bmi2, fma

Memory: 4k page, system-wide physical 8073M (1674M free)
TotalPageFile size 13238M (AvailPageFile size 1895M)
current process WorkingSet (physical memory assigned to process): 40M, peak: 40M
current process commit charge ("private bytes"): 199M, peak: 199M

vm_info: OpenJDK 64-Bit Server VM (11.0.20.1+9-LTS) for windows-amd64 JRE (11.0.20.1+9-LTS), built on Aug 19 2023 03:46:24 by "Administrator" with MS VC++ 15.9 (VS2017)

END.
