#
# A fatal error has been detected by the Java Runtime Environment:
#
#  EXCEPTION_ACCESS_VIOLATION (0xc0000005) at pc=0x000001c4a384112d, pid=14832, tid=5928
#
# JRE version: OpenJDK Runtime Environment Corretto-11.0.20.9.1 (11.0.20.1+9) (build 11.0.20.1+9-LTS)
# Java VM: OpenJDK 64-Bit Server VM Corretto-11.0.20.9.1 (11.0.20.1+9-LTS, mixed mode, tiered, compressed oops, g1 gc, windows-amd64)
# Problematic frame:
# v  ~StubRoutines::get_previous_fp
#
# No core dump will be written. Minidumps are not enabled by default on client versions of Windows
#
# If you would like to submit a bug report, please visit:
#   https://github.com/corretto/corretto-11/issues/
#

---------------  S U M M A R Y ------------

Command Line: -javaagent:C:\\Users\\Анастасия\\.m2\\repository\\org\\jacoco\\org.jacoco.agent\\0.8.5\\org.jacoco.agent-0.8.5-runtime.jar=destfile=C:\\Program Files\\папка проекта\\task8\\target\\jacoco.exec C:\Users\08DE~1\AppData\Local\Temp\surefire5305618374490598179\surefirebooter11002151156315195921.jar C:\Users\Анастасия\AppData\Local\Temp\surefire5305618374490598179 2023-10-15T21-03-07_216-jvmRun1 surefire7467819909937219717tmp surefire_01055303585175616213tmp

Host: Intel(R) Core(TM) i5-4440 CPU @ 3.10GHz, 4 cores, 7G,  Windows 10 , 64 bit Build 19041 (10.0.19041.3155)
Time: Sun Oct 15 21:03:07 2023 RTZ 2 (s 10 , 64 bit Build 19041 (10.0.19041.3155) elapsed time: 0.249187 seconds (0d 0h 0m 0s)

---------------  T H R E A D  ---------------

Current thread (0x000001c49b0bc000):  JavaThread "main" [_thread_in_vm, id=5928, stack(0x00000071ba100000,0x00000071ba200000)]

Stack: [0x00000071ba100000,0x00000071ba200000],  sp=0x00000071ba1ff280,  free space=1020k
Native frames: (J=compiled Java code, j=interpreted, Vv=VM code, C=native code)
C  0x000001c4a384112d


siginfo: EXCEPTION_ACCESS_VIOLATION (0xc0000005), reading address 0x00000000000003d8


Register to memory mapping:

RIP=0x000001c4a384112d is at begin+8 in a stub
StubRoutines::get_previous_fp [0x000001c4a3841125, 0x000001c4a3841132[ (13 bytes)
RAX=0x00000000000003d8 is an unknown value
RBX=0x00000071ba1ff320 is pointing into the stack for thread: 0x000001c49b0bc000
RCX=0x00000071ba1ff320 is pointing into the stack for thread: 0x000001c49b0bc000
RDX=0x0 is NULL
RSP=0x00000071ba1ff280 is pointing into the stack for thread: 0x000001c49b0bc000
RBP=0x00000071ba1ff280 is pointing into the stack for thread: 0x000001c49b0bc000
RSI=0x0 is NULL
RDI=0x000001c49b0bc000 is a thread
R8 =0x00000071ba1ff1f8 is pointing into the stack for thread: 0x000001c49b0bc000
R9 =0x0000000000000001 is an unknown value
R10=0x0 is NULL
R11=0x00000071ba1ff2b0 is pointing into the stack for thread: 0x000001c49b0bc000
R12=0x000001c49b0bd048 points into unknown readable memory: 0x080260b6a3b41018 | 18 10 b4 a3 b6 60 02 08
R13=0x0000000000000008 is an unknown value
R14=0x000001c4bad5a1d0 points into unknown readable memory: 0x00000000899da378 | 78 a3 9d 89 00 00 00 00
R15=0x000001c49b0bcc70 points into unknown readable memory: 0x0072006f006d0020 | 20 00 6d 00 6f 00 72 00


Registers:
RAX=0x00000000000003d8, RBX=0x00000071ba1ff320, RCX=0x00000071ba1ff320, RDX=0x0000000000000000
RSP=0x00000071ba1ff280, RBP=0x00000071ba1ff280, RSI=0x0000000000000000, RDI=0x000001c49b0bc000
R8 =0x00000071ba1ff1f8, R9 =0x0000000000000001, R10=0x0000000000000000, R11=0x00000071ba1ff2b0
R12=0x000001c49b0bd048, R13=0x0000000000000008, R14=0x000001c4bad5a1d0, R15=0x000001c49b0bcc70
RIP=0x000001c4a384112d, EFLAGS=0x0000000000010202

Top of Stack: (sp=0x00000071ba1ff280)
0x00000071ba1ff280:   00000000000003d8 00007ffc7afb3d36
0x00000071ba1ff290:   00000000000000af 00000071ba1ff380
0x00000071ba1ff2a0:   00007ffca64c82c0 00007ffcac39b3e4
0x00000071ba1ff2b0:   0000000000007fd8 00007ffc7aa52c0c
0x00000071ba1ff2c0:   000001c49b0bc000 000001c4997ddf40
0x00000071ba1ff2d0:   00000000000007d0 000001c49b0bcc60
0x00000071ba1ff2e0:   000001c49b0bc000 00007ffc7b102e51
0x00000071ba1ff2f0:   000001c4997ddf40 000001c49b0bcc60
0x00000071ba1ff300:   000001c49b0bcc60 000001c4b9fadf58
0x00000071ba1ff310:   000001c49b0ae8e8 00007ffca64c148c
0x00000071ba1ff320:   0000000000000000 0000000000000004
0x00000071ba1ff330:   00007ffca64c82c0 00000071ba1ff380
0x00000071ba1ff340:   00007ffcac46f540 000001c4997e0b60
0x00000071ba1ff350:   0000d0b8491cd607 00007ffca64c7ad0
0x00000071ba1ff360:   000001c49b0bc000 00007ffc7afb6360
0x00000071ba1ff370:   000001c49b0bc348 00007ffca64c82c0 

Instructions: (pc=0x000001c4a384112d)
0x000001c4a384102d:   84 83 00 00 00 83 fa 07 0f 84 80 00 00 00 89 01
0x000001c4a384103d:   48 8d a5 28 fe ff ff c5 fa 6f 75 b8 c5 fa 6f 7d
0x000001c4a384104d:   a8 c5 7a 6f 45 98 c5 7a 6f 4d 88 c5 7a 6f 95 78
0x000001c4a384105d:   ff ff ff c5 7a 6f 9d 68 ff ff ff c5 7a 6f a5 58
0x000001c4a384106d:   ff ff ff c5 7a 6f ad 48 ff ff ff c5 7a 6f b5 38
0x000001c4a384107d:   ff ff ff c5 7a 6f bd 28 ff ff ff 4c 8b 7d c8 4c
0x000001c4a384108d:   8b 75 d0 4c 8b 6d d8 4c 8b 65 e0 48 8b 5d f8 48
0x000001c4a384109d:   8b 7d e8 48 8b 75 f0 48 81 c4 d8 01 00 00 c5 f8
0x000001c4a38410ad:   77 5d c3 48 89 01 eb 88 c5 fa 11 01 eb 82 c5 fb
0x000001c4a38410bd:   11 01 e9 79 ff ff ff 49 89 47 08 49 ba b0 e4 2a
0x000001c4a38410cd:   7b fc 7f 00 00 4d 89 57 10 41 c7 47 18 da 01 00
0x000001c4a38410dd:   00 e9 2d ff ff ff 8b c1 87 02 c3 48 8b c1 48 87
0x000001c4a38410ed:   02 c3 41 8b c0 f0 0f b1 0a c3 49 0f be c0 f0 0f
0x000001c4a38410fd:   b0 0a c3 49 8b c0 f0 48 0f b1 0a c3 8b c1 f0 0f
0x000001c4a384110d:   c1 0a 03 c1 c3 48 8b c1 f0 48 0f c1 0a 48 03 c1
0x000001c4a384111d:   c3 f0 83 44 24 c0 00 c3 55 48 8b ec 48 8b 45 00
0x000001c4a384112d:   48 8b 00 5d c3 48 8b c4 48 83 c0 08 c3 c3 0f 1f
0x000001c4a384113d:   44 00 00 55 48 8b ec 49 b9 b0 61 3f 7b fc 7f 00
0x000001c4a384114d:   00 f7 d1 41 83 f8 10 0f 8c 38 02 00 00 44 8b da
0x000001c4a384115d:   41 83 e3 0f 74 23 41 83 eb 10 45 03 c3 66 90 0f
0x000001c4a384116d:   be 02 33 c1 81 e0 ff 00 00 00 c1 e9 08 41 33 0c
0x000001c4a384117d:   81 48 ff c2 41 ff c3 7c e6 45 8b d8 41 c1 e8 04
0x000001c4a384118d:   0f 84 fc 01 00 00 c5 f9 6f 0a c5 f9 7e c8 33 c8
0x000001c4a384119d:   c4 e3 71 22 c9 00 48 83 c2 10 41 83 e8 04 0f 8c
0x000001c4a38411ad:   d7 00 00 00 c5 f9 6f 12 c5 f9 6f 5a 10 c5 f9 6f
0x000001c4a38411bd:   62 20 48 83 c2 30 41 83 e8 03 0f 8e 70 00 00 00
0x000001c4a38411cd:   49 ba a0 61 3f 7b fc 7f 00 00 c4 c1 7a 6f 02 0f
0x000001c4a38411dd:   1f 40 00 c4 e3 79 44 e9 11 c4 e3 79 44 c9 00 c5
0x000001c4a38411ed:   f1 ef 0a c5 f1 ef cd c4 e3 79 44 ea 11 c4 e3 79
0x000001c4a38411fd:   44 d2 00 c5 e9 ef 52 10 c5 e9 ef d5 c4 e3 79 44
0x000001c4a384120d:   eb 11 c4 e3 79 44 db 00 c5 e1 ef 5a 20 c5 e1 ef
0x000001c4a384121d:   dd c4 e3 79 44 ec 11 c4 e3 79 44 e4 00 c5 d9 ef 


Stack slot to memory mapping:
stack at sp + 0 slots: 0x00000000000003d8 is an unknown value
stack at sp + 1 slots: 0x00007ffc7afb3d36 jvm.dll
stack at sp + 2 slots: 0x00000000000000af is an unknown value
stack at sp + 3 slots: 0x00000071ba1ff380 is pointing into the stack for thread: 0x000001c49b0bc000
stack at sp + 4 slots: 0x00007ffca64c82c0 instrument.dll
stack at sp + 5 slots: 0x00007ffcac39b3e4 ucrtbase.dll
stack at sp + 6 slots: 0x0000000000007fd8 is an unknown value
stack at sp + 7 slots: 0x00007ffc7aa52c0c jvm.dll

StubRoutines::get_previous_fp [0x000001c4a3841125, 0x000001c4a3841132[ (13 bytes)
---------------  P R O C E S S  ---------------

Threads class SMR info:
_java_thread_list=0x000001c4baae9580, length=10, elements={
0x000001c49b0bc000, 0x000001c4b9fe4800, 0x000001c4b9fee800, 0x000001c4b9ff1000,
0x000001c4b9ff2000, 0x000001c4b9ff3800, 0x000001c4b9ffa800, 0x000001c4b9ffd800,
0x000001c4ba01a800, 0x000001c4baae6800
}

Java Threads: ( => current thread )
=>0x000001c49b0bc000 JavaThread "main" [_thread_in_vm, id=5928, stack(0x00000071ba100000,0x00000071ba200000)]
  0x000001c4b9fe4800 JavaThread "Reference Handler" daemon [_thread_blocked, id=4312, stack(0x00000071ba800000,0x00000071ba900000)]
  0x000001c4b9fee800 JavaThread "Finalizer" daemon [_thread_blocked, id=15860, stack(0x00000071ba900000,0x00000071baa00000)]
  0x000001c4b9ff1000 JavaThread "Signal Dispatcher" daemon [_thread_blocked, id=13812, stack(0x00000071bab00000,0x00000071bac00000)]
  0x000001c4b9ff2000 JavaThread "Attach Listener" daemon [_thread_blocked, id=6352, stack(0x00000071bac00000,0x00000071bad00000)]
  0x000001c4b9ff3800 JavaThread "Service Thread" daemon [_thread_blocked, id=1236, stack(0x00000071bad00000,0x00000071bae00000)]
  0x000001c4b9ffa800 JavaThread "C2 CompilerThread0" daemon [_thread_blocked, id=4232, stack(0x00000071bae00000,0x00000071baf00000)]
  0x000001c4b9ffd800 JavaThread "C1 CompilerThread0" daemon [_thread_blocked, id=9828, stack(0x00000071baf00000,0x00000071bb000000)]
  0x000001c4ba01a800 JavaThread "Sweeper thread" daemon [_thread_blocked, id=964, stack(0x00000071bb000000,0x00000071bb100000)]
  0x000001c4baae6800 JavaThread "Common-Cleaner" daemon [_thread_blocked, id=1348, stack(0x00000071bb100000,0x00000071bb200000)]

Other Threads:
  0x000001c4b9fac800 VMThread "VM Thread" [stack: 0x00000071ba700000,0x00000071ba800000] [id=8864]
  0x000001c49b0d3800 GCTaskThread "GC Thread#0" [stack: 0x00000071ba200000,0x00000071ba300000] [id=2380]
  0x000001c49b104000 ConcurrentGCThread "G1 Main Marker" [stack: 0x00000071ba300000,0x00000071ba400000] [id=9948]
  0x000001c49b105800 ConcurrentGCThread "G1 Conc#0" [stack: 0x00000071ba400000,0x00000071ba500000] [id=15428]
  0x000001c49b196800 ConcurrentGCThread "G1 Refine#0" [stack: 0x00000071ba500000,0x00000071ba600000] [id=12484]
  0x000001c49b197800 ConcurrentGCThread "G1 Young RemSet Sampling" [stack: 0x00000071ba600000,0x00000071ba700000] [id=13764]

Threads with active compile tasks:

VM state:not at safepoint (normal execution)

VM Mutex/Monitor currently owned by a thread: None

Heap address: 0x0000000081c00000, size: 2020 MB, Compressed Oops mode: 32-bit
Narrow klass base: 0x0000000000000000, Narrow klass shift: 3
Compressed class space size: 1073741824 Address: 0x0000000100000000

Heap:
 garbage-first heap   total 131072K, used 2048K [0x0000000081c00000, 0x0000000100000000)
  region size 1024K, 3 young (3072K), 0 survivors (0K)
 Metaspace       used 6699K, capacity 6850K, committed 7168K, reserved 1056768K
  class space    used 582K, capacity 643K, committed 768K, reserved 1048576K
Heap Regions: E=young(eden), S=young(survivor), O=old, HS=humongous(starts), HC=humongous(continues), CS=collection set, F=free, A=archive, TAMS=top-at-mark-start (previous, next)
|   0|0x0000000081c00000, 0x0000000081c00000, 0x0000000081d00000|  0%| F|  |TAMS 0x0000000081c00000, 0x0000000081c00000| Untracked 
|   1|0x0000000081d00000, 0x0000000081d00000, 0x0000000081e00000|  0%| F|  |TAMS 0x0000000081d00000, 0x0000000081d00000| Untracked 
|   2|0x0000000081e00000, 0x0000000081e00000, 0x0000000081f00000|  0%| F|  |TAMS 0x0000000081e00000, 0x0000000081e00000| Untracked 
|   3|0x0000000081f00000, 0x0000000081f00000, 0x0000000082000000|  0%| F|  |TAMS 0x0000000081f00000, 0x0000000081f00000| Untracked 
|   4|0x0000000082000000, 0x0000000082000000, 0x0000000082100000|  0%| F|  |TAMS 0x0000000082000000, 0x0000000082000000| Untracked 
|   5|0x0000000082100000, 0x0000000082100000, 0x0000000082200000|  0%| F|  |TAMS 0x0000000082100000, 0x0000000082100000| Untracked 
|   6|0x0000000082200000, 0x0000000082200000, 0x0000000082300000|  0%| F|  |TAMS 0x0000000082200000, 0x0000000082200000| Untracked 
|   7|0x0000000082300000, 0x0000000082300000, 0x0000000082400000|  0%| F|  |TAMS 0x0000000082300000, 0x0000000082300000| Untracked 
|   8|0x0000000082400000, 0x0000000082400000, 0x0000000082500000|  0%| F|  |TAMS 0x0000000082400000, 0x0000000082400000| Untracked 
|   9|0x0000000082500000, 0x0000000082500000, 0x0000000082600000|  0%| F|  |TAMS 0x0000000082500000, 0x0000000082500000| Untracked 
|  10|0x0000000082600000, 0x0000000082600000, 0x0000000082700000|  0%| F|  |TAMS 0x0000000082600000, 0x0000000082600000| Untracked 
|  11|0x0000000082700000, 0x0000000082700000, 0x0000000082800000|  0%| F|  |TAMS 0x0000000082700000, 0x0000000082700000| Untracked 
|  12|0x0000000082800000, 0x0000000082800000, 0x0000000082900000|  0%| F|  |TAMS 0x0000000082800000, 0x0000000082800000| Untracked 
|  13|0x0000000082900000, 0x0000000082900000, 0x0000000082a00000|  0%| F|  |TAMS 0x0000000082900000, 0x0000000082900000| Untracked 
|  14|0x0000000082a00000, 0x0000000082a00000, 0x0000000082b00000|  0%| F|  |TAMS 0x0000000082a00000, 0x0000000082a00000| Untracked 
|  15|0x0000000082b00000, 0x0000000082b00000, 0x0000000082c00000|  0%| F|  |TAMS 0x0000000082b00000, 0x0000000082b00000| Untracked 
|  16|0x0000000082c00000, 0x0000000082c00000, 0x0000000082d00000|  0%| F|  |TAMS 0x0000000082c00000, 0x0000000082c00000| Untracked 
|  17|0x0000000082d00000, 0x0000000082d00000, 0x0000000082e00000|  0%| F|  |TAMS 0x0000000082d00000, 0x0000000082d00000| Untracked 
|  18|0x0000000082e00000, 0x0000000082e00000, 0x0000000082f00000|  0%| F|  |TAMS 0x0000000082e00000, 0x0000000082e00000| Untracked 
|  19|0x0000000082f00000, 0x0000000082f00000, 0x0000000083000000|  0%| F|  |TAMS 0x0000000082f00000, 0x0000000082f00000| Untracked 
|  20|0x0000000083000000, 0x0000000083000000, 0x0000000083100000|  0%| F|  |TAMS 0x0000000083000000, 0x0000000083000000| Untracked 
|  21|0x0000000083100000, 0x0000000083100000, 0x0000000083200000|  0%| F|  |TAMS 0x0000000083100000, 0x0000000083100000| Untracked 
|  22|0x0000000083200000, 0x0000000083200000, 0x0000000083300000|  0%| F|  |TAMS 0x0000000083200000, 0x0000000083200000| Untracked 
|  23|0x0000000083300000, 0x0000000083300000, 0x0000000083400000|  0%| F|  |TAMS 0x0000000083300000, 0x0000000083300000| Untracked 
|  24|0x0000000083400000, 0x0000000083400000, 0x0000000083500000|  0%| F|  |TAMS 0x0000000083400000, 0x0000000083400000| Untracked 
|  25|0x0000000083500000, 0x0000000083500000, 0x0000000083600000|  0%| F|  |TAMS 0x0000000083500000, 0x0000000083500000| Untracked 
|  26|0x0000000083600000, 0x0000000083600000, 0x0000000083700000|  0%| F|  |TAMS 0x0000000083600000, 0x0000000083600000| Untracked 
|  27|0x0000000083700000, 0x0000000083700000, 0x0000000083800000|  0%| F|  |TAMS 0x0000000083700000, 0x0000000083700000| Untracked 
|  28|0x0000000083800000, 0x0000000083800000, 0x0000000083900000|  0%| F|  |TAMS 0x0000000083800000, 0x0000000083800000| Untracked 
|  29|0x0000000083900000, 0x0000000083900000, 0x0000000083a00000|  0%| F|  |TAMS 0x0000000083900000, 0x0000000083900000| Untracked 
|  30|0x0000000083a00000, 0x0000000083a00000, 0x0000000083b00000|  0%| F|  |TAMS 0x0000000083a00000, 0x0000000083a00000| Untracked 
|  31|0x0000000083b00000, 0x0000000083b00000, 0x0000000083c00000|  0%| F|  |TAMS 0x0000000083b00000, 0x0000000083b00000| Untracked 
|  32|0x0000000083c00000, 0x0000000083c00000, 0x0000000083d00000|  0%| F|  |TAMS 0x0000000083c00000, 0x0000000083c00000| Untracked 
|  33|0x0000000083d00000, 0x0000000083d00000, 0x0000000083e00000|  0%| F|  |TAMS 0x0000000083d00000, 0x0000000083d00000| Untracked 
|  34|0x0000000083e00000, 0x0000000083e00000, 0x0000000083f00000|  0%| F|  |TAMS 0x0000000083e00000, 0x0000000083e00000| Untracked 
|  35|0x0000000083f00000, 0x0000000083f00000, 0x0000000084000000|  0%| F|  |TAMS 0x0000000083f00000, 0x0000000083f00000| Untracked 
|  36|0x0000000084000000, 0x0000000084000000, 0x0000000084100000|  0%| F|  |TAMS 0x0000000084000000, 0x0000000084000000| Untracked 
|  37|0x0000000084100000, 0x0000000084100000, 0x0000000084200000|  0%| F|  |TAMS 0x0000000084100000, 0x0000000084100000| Untracked 
|  38|0x0000000084200000, 0x0000000084200000, 0x0000000084300000|  0%| F|  |TAMS 0x0000000084200000, 0x0000000084200000| Untracked 
|  39|0x0000000084300000, 0x0000000084300000, 0x0000000084400000|  0%| F|  |TAMS 0x0000000084300000, 0x0000000084300000| Untracked 
|  40|0x0000000084400000, 0x0000000084400000, 0x0000000084500000|  0%| F|  |TAMS 0x0000000084400000, 0x0000000084400000| Untracked 
|  41|0x0000000084500000, 0x0000000084500000, 0x0000000084600000|  0%| F|  |TAMS 0x0000000084500000, 0x0000000084500000| Untracked 
|  42|0x0000000084600000, 0x0000000084600000, 0x0000000084700000|  0%| F|  |TAMS 0x0000000084600000, 0x0000000084600000| Untracked 
|  43|0x0000000084700000, 0x0000000084700000, 0x0000000084800000|  0%| F|  |TAMS 0x0000000084700000, 0x0000000084700000| Untracked 
|  44|0x0000000084800000, 0x0000000084800000, 0x0000000084900000|  0%| F|  |TAMS 0x0000000084800000, 0x0000000084800000| Untracked 
|  45|0x0000000084900000, 0x0000000084900000, 0x0000000084a00000|  0%| F|  |TAMS 0x0000000084900000, 0x0000000084900000| Untracked 
|  46|0x0000000084a00000, 0x0000000084a00000, 0x0000000084b00000|  0%| F|  |TAMS 0x0000000084a00000, 0x0000000084a00000| Untracked 
|  47|0x0000000084b00000, 0x0000000084b00000, 0x0000000084c00000|  0%| F|  |TAMS 0x0000000084b00000, 0x0000000084b00000| Untracked 
|  48|0x0000000084c00000, 0x0000000084c00000, 0x0000000084d00000|  0%| F|  |TAMS 0x0000000084c00000, 0x0000000084c00000| Untracked 
|  49|0x0000000084d00000, 0x0000000084d00000, 0x0000000084e00000|  0%| F|  |TAMS 0x0000000084d00000, 0x0000000084d00000| Untracked 
|  50|0x0000000084e00000, 0x0000000084e00000, 0x0000000084f00000|  0%| F|  |TAMS 0x0000000084e00000, 0x0000000084e00000| Untracked 
|  51|0x0000000084f00000, 0x0000000084f00000, 0x0000000085000000|  0%| F|  |TAMS 0x0000000084f00000, 0x0000000084f00000| Untracked 
|  52|0x0000000085000000, 0x0000000085000000, 0x0000000085100000|  0%| F|  |TAMS 0x0000000085000000, 0x0000000085000000| Untracked 
|  53|0x0000000085100000, 0x0000000085100000, 0x0000000085200000|  0%| F|  |TAMS 0x0000000085100000, 0x0000000085100000| Untracked 
|  54|0x0000000085200000, 0x0000000085200000, 0x0000000085300000|  0%| F|  |TAMS 0x0000000085200000, 0x0000000085200000| Untracked 
|  55|0x0000000085300000, 0x0000000085300000, 0x0000000085400000|  0%| F|  |TAMS 0x0000000085300000, 0x0000000085300000| Untracked 
|  56|0x0000000085400000, 0x0000000085400000, 0x0000000085500000|  0%| F|  |TAMS 0x0000000085400000, 0x0000000085400000| Untracked 
|  57|0x0000000085500000, 0x0000000085500000, 0x0000000085600000|  0%| F|  |TAMS 0x0000000085500000, 0x0000000085500000| Untracked 
|  58|0x0000000085600000, 0x0000000085600000, 0x0000000085700000|  0%| F|  |TAMS 0x0000000085600000, 0x0000000085600000| Untracked 
|  59|0x0000000085700000, 0x0000000085700000, 0x0000000085800000|  0%| F|  |TAMS 0x0000000085700000, 0x0000000085700000| Untracked 
|  60|0x0000000085800000, 0x0000000085800000, 0x0000000085900000|  0%| F|  |TAMS 0x0000000085800000, 0x0000000085800000| Untracked 
|  61|0x0000000085900000, 0x0000000085900000, 0x0000000085a00000|  0%| F|  |TAMS 0x0000000085900000, 0x0000000085900000| Untracked 
|  62|0x0000000085a00000, 0x0000000085a00000, 0x0000000085b00000|  0%| F|  |TAMS 0x0000000085a00000, 0x0000000085a00000| Untracked 
|  63|0x0000000085b00000, 0x0000000085b00000, 0x0000000085c00000|  0%| F|  |TAMS 0x0000000085b00000, 0x0000000085b00000| Untracked 
|  64|0x0000000085c00000, 0x0000000085c00000, 0x0000000085d00000|  0%| F|  |TAMS 0x0000000085c00000, 0x0000000085c00000| Untracked 
|  65|0x0000000085d00000, 0x0000000085d00000, 0x0000000085e00000|  0%| F|  |TAMS 0x0000000085d00000, 0x0000000085d00000| Untracked 
|  66|0x0000000085e00000, 0x0000000085e00000, 0x0000000085f00000|  0%| F|  |TAMS 0x0000000085e00000, 0x0000000085e00000| Untracked 
|  67|0x0000000085f00000, 0x0000000085f00000, 0x0000000086000000|  0%| F|  |TAMS 0x0000000085f00000, 0x0000000085f00000| Untracked 
|  68|0x0000000086000000, 0x0000000086000000, 0x0000000086100000|  0%| F|  |TAMS 0x0000000086000000, 0x0000000086000000| Untracked 
|  69|0x0000000086100000, 0x0000000086100000, 0x0000000086200000|  0%| F|  |TAMS 0x0000000086100000, 0x0000000086100000| Untracked 
|  70|0x0000000086200000, 0x0000000086200000, 0x0000000086300000|  0%| F|  |TAMS 0x0000000086200000, 0x0000000086200000| Untracked 
|  71|0x0000000086300000, 0x0000000086300000, 0x0000000086400000|  0%| F|  |TAMS 0x0000000086300000, 0x0000000086300000| Untracked 
|  72|0x0000000086400000, 0x0000000086400000, 0x0000000086500000|  0%| F|  |TAMS 0x0000000086400000, 0x0000000086400000| Untracked 
|  73|0x0000000086500000, 0x0000000086500000, 0x0000000086600000|  0%| F|  |TAMS 0x0000000086500000, 0x0000000086500000| Untracked 
|  74|0x0000000086600000, 0x0000000086600000, 0x0000000086700000|  0%| F|  |TAMS 0x0000000086600000, 0x0000000086600000| Untracked 
|  75|0x0000000086700000, 0x0000000086700000, 0x0000000086800000|  0%| F|  |TAMS 0x0000000086700000, 0x0000000086700000| Untracked 
|  76|0x0000000086800000, 0x0000000086800000, 0x0000000086900000|  0%| F|  |TAMS 0x0000000086800000, 0x0000000086800000| Untracked 
|  77|0x0000000086900000, 0x0000000086900000, 0x0000000086a00000|  0%| F|  |TAMS 0x0000000086900000, 0x0000000086900000| Untracked 
|  78|0x0000000086a00000, 0x0000000086a00000, 0x0000000086b00000|  0%| F|  |TAMS 0x0000000086a00000, 0x0000000086a00000| Untracked 
|  79|0x0000000086b00000, 0x0000000086b00000, 0x0000000086c00000|  0%| F|  |TAMS 0x0000000086b00000, 0x0000000086b00000| Untracked 
|  80|0x0000000086c00000, 0x0000000086c00000, 0x0000000086d00000|  0%| F|  |TAMS 0x0000000086c00000, 0x0000000086c00000| Untracked 
|  81|0x0000000086d00000, 0x0000000086d00000, 0x0000000086e00000|  0%| F|  |TAMS 0x0000000086d00000, 0x0000000086d00000| Untracked 
|  82|0x0000000086e00000, 0x0000000086e00000, 0x0000000086f00000|  0%| F|  |TAMS 0x0000000086e00000, 0x0000000086e00000| Untracked 
|  83|0x0000000086f00000, 0x0000000086f00000, 0x0000000087000000|  0%| F|  |TAMS 0x0000000086f00000, 0x0000000086f00000| Untracked 
|  84|0x0000000087000000, 0x0000000087000000, 0x0000000087100000|  0%| F|  |TAMS 0x0000000087000000, 0x0000000087000000| Untracked 
|  85|0x0000000087100000, 0x0000000087100000, 0x0000000087200000|  0%| F|  |TAMS 0x0000000087100000, 0x0000000087100000| Untracked 
|  86|0x0000000087200000, 0x0000000087200000, 0x0000000087300000|  0%| F|  |TAMS 0x0000000087200000, 0x0000000087200000| Untracked 
|  87|0x0000000087300000, 0x0000000087300000, 0x0000000087400000|  0%| F|  |TAMS 0x0000000087300000, 0x0000000087300000| Untracked 
|  88|0x0000000087400000, 0x0000000087400000, 0x0000000087500000|  0%| F|  |TAMS 0x0000000087400000, 0x0000000087400000| Untracked 
|  89|0x0000000087500000, 0x0000000087500000, 0x0000000087600000|  0%| F|  |TAMS 0x0000000087500000, 0x0000000087500000| Untracked 
|  90|0x0000000087600000, 0x0000000087600000, 0x0000000087700000|  0%| F|  |TAMS 0x0000000087600000, 0x0000000087600000| Untracked 
|  91|0x0000000087700000, 0x0000000087700000, 0x0000000087800000|  0%| F|  |TAMS 0x0000000087700000, 0x0000000087700000| Untracked 
|  92|0x0000000087800000, 0x0000000087800000, 0x0000000087900000|  0%| F|  |TAMS 0x0000000087800000, 0x0000000087800000| Untracked 
|  93|0x0000000087900000, 0x0000000087900000, 0x0000000087a00000|  0%| F|  |TAMS 0x0000000087900000, 0x0000000087900000| Untracked 
|  94|0x0000000087a00000, 0x0000000087a00000, 0x0000000087b00000|  0%| F|  |TAMS 0x0000000087a00000, 0x0000000087a00000| Untracked 
|  95|0x0000000087b00000, 0x0000000087b00000, 0x0000000087c00000|  0%| F|  |TAMS 0x0000000087b00000, 0x0000000087b00000| Untracked 
|  96|0x0000000087c00000, 0x0000000087c00000, 0x0000000087d00000|  0%| F|  |TAMS 0x0000000087c00000, 0x0000000087c00000| Untracked 
|  97|0x0000000087d00000, 0x0000000087d00000, 0x0000000087e00000|  0%| F|  |TAMS 0x0000000087d00000, 0x0000000087d00000| Untracked 
|  98|0x0000000087e00000, 0x0000000087e00000, 0x0000000087f00000|  0%| F|  |TAMS 0x0000000087e00000, 0x0000000087e00000| Untracked 
|  99|0x0000000087f00000, 0x0000000087f00000, 0x0000000088000000|  0%| F|  |TAMS 0x0000000087f00000, 0x0000000087f00000| Untracked 
| 100|0x0000000088000000, 0x0000000088000000, 0x0000000088100000|  0%| F|  |TAMS 0x0000000088000000, 0x0000000088000000| Untracked 
| 101|0x0000000088100000, 0x0000000088100000, 0x0000000088200000|  0%| F|  |TAMS 0x0000000088100000, 0x0000000088100000| Untracked 
| 102|0x0000000088200000, 0x0000000088200000, 0x0000000088300000|  0%| F|  |TAMS 0x0000000088200000, 0x0000000088200000| Untracked 
| 103|0x0000000088300000, 0x0000000088300000, 0x0000000088400000|  0%| F|  |TAMS 0x0000000088300000, 0x0000000088300000| Untracked 
| 104|0x0000000088400000, 0x0000000088400000, 0x0000000088500000|  0%| F|  |TAMS 0x0000000088400000, 0x0000000088400000| Untracked 
| 105|0x0000000088500000, 0x0000000088500000, 0x0000000088600000|  0%| F|  |TAMS 0x0000000088500000, 0x0000000088500000| Untracked 
| 106|0x0000000088600000, 0x0000000088600000, 0x0000000088700000|  0%| F|  |TAMS 0x0000000088600000, 0x0000000088600000| Untracked 
| 107|0x0000000088700000, 0x0000000088700000, 0x0000000088800000|  0%| F|  |TAMS 0x0000000088700000, 0x0000000088700000| Untracked 
| 108|0x0000000088800000, 0x0000000088800000, 0x0000000088900000|  0%| F|  |TAMS 0x0000000088800000, 0x0000000088800000| Untracked 
| 109|0x0000000088900000, 0x0000000088900000, 0x0000000088a00000|  0%| F|  |TAMS 0x0000000088900000, 0x0000000088900000| Untracked 
| 110|0x0000000088a00000, 0x0000000088a00000, 0x0000000088b00000|  0%| F|  |TAMS 0x0000000088a00000, 0x0000000088a00000| Untracked 
| 111|0x0000000088b00000, 0x0000000088b00000, 0x0000000088c00000|  0%| F|  |TAMS 0x0000000088b00000, 0x0000000088b00000| Untracked 
| 112|0x0000000088c00000, 0x0000000088c00000, 0x0000000088d00000|  0%| F|  |TAMS 0x0000000088c00000, 0x0000000088c00000| Untracked 
| 113|0x0000000088d00000, 0x0000000088d00000, 0x0000000088e00000|  0%| F|  |TAMS 0x0000000088d00000, 0x0000000088d00000| Untracked 
| 114|0x0000000088e00000, 0x0000000088e00000, 0x0000000088f00000|  0%| F|  |TAMS 0x0000000088e00000, 0x0000000088e00000| Untracked 
| 115|0x0000000088f00000, 0x0000000088f00000, 0x0000000089000000|  0%| F|  |TAMS 0x0000000088f00000, 0x0000000088f00000| Untracked 
| 116|0x0000000089000000, 0x0000000089000000, 0x0000000089100000|  0%| F|  |TAMS 0x0000000089000000, 0x0000000089000000| Untracked 
| 117|0x0000000089100000, 0x0000000089100000, 0x0000000089200000|  0%| F|  |TAMS 0x0000000089100000, 0x0000000089100000| Untracked 
| 118|0x0000000089200000, 0x0000000089200000, 0x0000000089300000|  0%| F|  |TAMS 0x0000000089200000, 0x0000000089200000| Untracked 
| 119|0x0000000089300000, 0x0000000089300000, 0x0000000089400000|  0%| F|  |TAMS 0x0000000089300000, 0x0000000089300000| Untracked 
| 120|0x0000000089400000, 0x0000000089400000, 0x0000000089500000|  0%| F|  |TAMS 0x0000000089400000, 0x0000000089400000| Untracked 
| 121|0x0000000089500000, 0x0000000089500000, 0x0000000089600000|  0%| F|  |TAMS 0x0000000089500000, 0x0000000089500000| Untracked 
| 122|0x0000000089600000, 0x0000000089600000, 0x0000000089700000|  0%| F|  |TAMS 0x0000000089600000, 0x0000000089600000| Untracked 
| 123|0x0000000089700000, 0x0000000089700000, 0x0000000089800000|  0%| F|  |TAMS 0x0000000089700000, 0x0000000089700000| Untracked 
| 124|0x0000000089800000, 0x0000000089800000, 0x0000000089900000|  0%| F|  |TAMS 0x0000000089800000, 0x0000000089800000| Untracked 
| 125|0x0000000089900000, 0x00000000899dc188, 0x0000000089a00000| 85%| E|  |TAMS 0x0000000089900000, 0x0000000089900000| Complete 
| 126|0x0000000089a00000, 0x0000000089b00000, 0x0000000089b00000|100%| E|CS|TAMS 0x0000000089a00000, 0x0000000089a00000| Complete 
| 127|0x0000000089b00000, 0x0000000089c00000, 0x0000000089c00000|100%| E|CS|TAMS 0x0000000089b00000, 0x0000000089b00000| Complete 

Card table byte_map: [0x000001c4b3270000,0x000001c4b3670000] _byte_map_base: 0x000001c4b2e62000

Marking Bits (Prev, Next): (CMBitMap*) 0x000001c49b0fb2f8, (CMBitMap*) 0x000001c49b0fb330
 Prev Bits: [0x000001c4b3a70000, 0x000001c4b5a00000)
 Next Bits: [0x000001c4b5a00000, 0x000001c4b7990000)

Polling page: 0x000001c499760000

Metaspace:

Usage:
  Non-class:      6.06 MB capacity,     5.97 MB ( 99%) used,    85.53 KB (  1%) free+waste,     4.50 KB ( <1%) overhead. 
      Class:    643.00 KB capacity,   582.12 KB ( 91%) used,    58.70 KB (  9%) free+waste,     2.19 KB ( <1%) overhead. 
       Both:      6.69 MB capacity,     6.54 MB ( 98%) used,   144.23 KB (  2%) free+waste,     6.69 KB ( <1%) overhead. 

Virtual space:
  Non-class space:        8.00 MB reserved,       6.25 MB ( 78%) committed 
      Class space:        1.00 GB reserved,     768.00 KB ( <1%) committed 
             Both:        1.01 GB reserved,       7.00 MB ( <1%) committed 

Chunk freelists:
   Non-Class:  1.00 KB
       Class:  29.00 KB
        Both:  30.00 KB

MaxMetaspaceSize: 17179869184.00 GB
CompressedClassSpaceSize: 1.00 GB
Initial GC threshold: 20.80 MB
Current GC threshold: 20.80 MB
CDS: off

CodeHeap 'non-profiled nmethods': size=120064Kb used=100Kb max_used=100Kb free=119964Kb
 bounds [0x000001c4ab300000, 0x000001c4ab570000, 0x000001c4b2840000]
CodeHeap 'profiled nmethods': size=120000Kb used=384Kb max_used=384Kb free=119615Kb
 bounds [0x000001c4a3dd0000, 0x000001c4a4040000, 0x000001c4ab300000]
CodeHeap 'non-nmethods': size=5696Kb used=1099Kb max_used=1111Kb free=4596Kb
 bounds [0x000001c4a3840000, 0x000001c4a3ab0000, 0x000001c4a3dd0000]
 total_blobs=672 nmethods=329 adapters=256
 compilation: enabled
              stopped_count=0, restarted_count=0
 full_count=0

Compilation events (20 events):
Event: 0.237 Thread 0x000001c4b9ffa800 nmethod 319 0x000001c4ab318410 code [0x000001c4ab3185a0, 0x000001c4ab318638]
Event: 0.237 Thread 0x000001c4b9ffa800  320       4       java.util.zip.ZipFile$Source::getEntryNext (9 bytes)
Event: 0.238 Thread 0x000001c4b9ffa800 nmethod 320 0x000001c4ab318710 code [0x000001c4ab3188a0, 0x000001c4ab318938]
Event: 0.238 Thread 0x000001c4b9ffd800 nmethod 321 0x000001c4a3e2ce90 code [0x000001c4a3e2d120, 0x000001c4a3e2de88]
Event: 0.240 Thread 0x000001c4b9ffd800  322       3       sun.nio.cs.SingleByte$Decoder::decode (11 bytes)
Event: 0.240 Thread 0x000001c4b9ffd800 nmethod 322 0x000001c4a3e2e510 code [0x000001c4a3e2e6c0, 0x000001c4a3e2e7f8]
Event: 0.241 Thread 0x000001c4b9ffd800  323       3       sun.nio.cs.SingleByte$Encoder::encode (32 bytes)
Event: 0.241 Thread 0x000001c4b9ffd800 nmethod 323 0x000001c4a3e2e910 code [0x000001c4a3e2eac0, 0x000001c4a3e2ec78]
Event: 0.241 Thread 0x000001c4b9ffd800  324       1       java.nio.Buffer::position (5 bytes)
Event: 0.241 Thread 0x000001c4b9ffd800 nmethod 324 0x000001c4ab318a10 code [0x000001c4ab318bc0, 0x000001c4ab318c78]
Event: 0.241 Thread 0x000001c4b9ffd800  325       1       java.nio.Buffer::limit (5 bytes)
Event: 0.241 Thread 0x000001c4b9ffd800 nmethod 325 0x000001c4ab318d10 code [0x000001c4ab318ec0, 0x000001c4ab318f78]
Event: 0.241 Thread 0x000001c4b9ffd800  326       3       java.util.Collections$UnmodifiableCollection$1::next (10 bytes)
Event: 0.242 Thread 0x000001c4b9ffd800 nmethod 326 0x000001c4a3e2ed90 code [0x000001c4a3e2ef40, 0x000001c4a3e2f108]
Event: 0.242 Thread 0x000001c4b9ffd800  327       3       java.nio.Buffer::position (52 bytes)
Event: 0.242 Thread 0x000001c4b9ffd800 nmethod 327 0x000001c4a3e2f210 code [0x000001c4a3e2f3e0, 0x000001c4a3e2f648]
Event: 0.244 Thread 0x000001c4b9ffd800  328       3       java.nio.ByteBuffer::arrayOffset (35 bytes)
Event: 0.244 Thread 0x000001c4b9ffd800 nmethod 328 0x000001c4a3e2f710 code [0x000001c4a3e2f8e0, 0x000001c4a3e2fb58]
Event: 0.245 Thread 0x000001c4b9ffd800  329       3       java.nio.CharBuffer::arrayOffset (35 bytes)
Event: 0.245 Thread 0x000001c4b9ffd800 nmethod 329 0x000001c4a3e2fc90 code [0x000001c4a3e2fe60, 0x000001c4a3e300d8]

GC Heap History (0 events):
No events

Deoptimization events (10 events):
Event: 0.150 Thread 0x000001c49b0bc000 Uncommon trap: trap_request=0xffffff4d fr.pc=0x000001c4ab307d28 relative=0x0000000000000188
Event: 0.150 Thread 0x000001c49b0bc000 Uncommon trap: reason=unstable_if action=reinterpret pc=0x000001c4ab307d28 method=java.lang.String.hashCode()I @ 22 c2
Event: 0.150 Thread 0x000001c49b0bc000 DEOPT PACKING pc=0x000001c4ab307d28 sp=0x00000071ba1fe8f0
Event: 0.150 Thread 0x000001c49b0bc000 DEOPT UNPACKING pc=0x000001c4a388a1af sp=0x00000071ba1fe878 mode 2
Event: 0.153 Thread 0x000001c49b0bc000 Uncommon trap: trap_request=0xffffff4d fr.pc=0x000001c4ab30aba8 relative=0x0000000000000188
Event: 0.153 Thread 0x000001c49b0bc000 Uncommon trap: reason=unstable_if action=reinterpret pc=0x000001c4ab30aba8 method=java.lang.String.equals(Ljava/lang/Object;)Z @ 27 c2
Event: 0.153 Thread 0x000001c49b0bc000 DEOPT PACKING pc=0x000001c4ab30aba8 sp=0x00000071ba1fe9a0
Event: 0.153 Thread 0x000001c49b0bc000 DEOPT UNPACKING pc=0x000001c4a388a1af sp=0x00000071ba1fe940 mode 2
Event: 0.196 Thread 0x000001c49b0bc000 DEOPT PACKING pc=0x000001c4a3e079bb sp=0x00000071ba1fabc0
Event: 0.196 Thread 0x000001c49b0bc000 DEOPT UNPACKING pc=0x000001c4a388a95e sp=0x00000071ba1fa090 mode 0

Classes redefined (0 events):
No events

Internal exceptions (2 events):
Event: 0.240 Thread 0x000001c49b0bc000 Exception <a 'java/io/FileNotFoundException'{0x00000000899cf568}> (0x00000000899cf568) thrown at [s\src\hotspot\share\prims\jni.cpp, line 617]
Event: 0.242 Thread 0x000001c49b0bc000 Exception <a 'java/lang/reflect/InvocationTargetException'{0x00000000899d5790}> (0x00000000899d5790) thrown at [s\src\hotspot\share\runtime\reflection.cpp, line 1245]

Events (20 events):
Event: 0.235 loading class org/jacoco/agent/rt/internal_43f5073/core/runtime/AbstractRuntime
Event: 0.235 loading class org/jacoco/agent/rt/internal_43f5073/core/runtime/AbstractRuntime done
Event: 0.236 loading class org/jacoco/agent/rt/internal_43f5073/Agent$2
Event: 0.236 loading class org/jacoco/agent/rt/internal_43f5073/Agent$2 done
Event: 0.236 loading class java/lang/NoSuchFieldError
Event: 0.236 loading class java/lang/IncompatibleClassChangeError
Event: 0.236 loading class java/lang/IncompatibleClassChangeError done
Event: 0.236 loading class java/lang/NoSuchFieldError done
Event: 0.236 loading class org/jacoco/agent/rt/internal_43f5073/output/FileOutput
Event: 0.236 loading class org/jacoco/agent/rt/internal_43f5073/output/FileOutput done
Event: 0.240 loading class java/io/FileNotFoundException
Event: 0.240 loading class java/io/FileNotFoundException done
Event: 0.240 loading class java/lang/Throwable$WrappedPrintStream
Event: 0.240 loading class java/lang/Throwable$PrintStreamOrWriter
Event: 0.240 loading class java/lang/Throwable$PrintStreamOrWriter done
Event: 0.240 loading class java/lang/Throwable$WrappedPrintStream done
Event: 0.241 loading class java/lang/StackTraceElement$HashedModules
Event: 0.241 loading class java/lang/StackTraceElement$HashedModules done
Event: 0.242 loading class java/lang/reflect/InvocationTargetException
Event: 0.242 loading class java/lang/reflect/InvocationTargetException done


Dynamic libraries:
0x00007ff62f240000 - 0x00007ff62f24d000 	C:\Users\Анастасия\.jdks\corretto-11.0.20.1\bin\java.exe
0x00007ffcae450000 - 0x00007ffcae648000 	C:\WINDOWS\SYSTEM32\ntdll.dll
0x00007ffcae280000 - 0x00007ffcae33f000 	C:\WINDOWS\System32\KERNEL32.DLL
0x00007ffcabbc0000 - 0x00007ffcabeb6000 	C:\WINDOWS\System32\KERNELBASE.dll
0x00007ffcac380000 - 0x00007ffcac480000 	C:\WINDOWS\System32\ucrtbase.dll
0x00007ffca45b0000 - 0x00007ffca45c7000 	C:\Users\Анастасия\.jdks\corretto-11.0.20.1\bin\jli.dll
0x00007ffcac790000 - 0x00007ffcac92d000 	C:\WINDOWS\System32\USER32.dll
0x00007ffcabb90000 - 0x00007ffcabbb2000 	C:\WINDOWS\System32\win32u.dll
0x00007ffcae110000 - 0x00007ffcae13c000 	C:\WINDOWS\System32\GDI32.dll
0x00007ffcac260000 - 0x00007ffcac375000 	C:\WINDOWS\System32\gdi32full.dll
0x00007ffcabf60000 - 0x00007ffcabffd000 	C:\WINDOWS\System32\msvcp_win.dll
0x00007ffca4700000 - 0x00007ffca4719000 	C:\Users\Анастасия\.jdks\corretto-11.0.20.1\bin\VCRUNTIME140.dll
0x00007ffc96cb0000 - 0x00007ffc96f4a000 	C:\WINDOWS\WinSxS\amd64_microsoft.windows.common-controls_6595b64144ccf1df_6.0.19041.1110_none_60b5254171f9507e\COMCTL32.dll
0x00007ffcadf80000 - 0x00007ffcae01e000 	C:\WINDOWS\System32\msvcrt.dll
0x00007ffcad1d0000 - 0x00007ffcad200000 	C:\WINDOWS\System32\IMM32.DLL
0x00007ffc95380000 - 0x00007ffc9541b000 	C:\Users\Анастасия\.jdks\corretto-11.0.20.1\bin\msvcp140.dll
0x00007ffc7a990000 - 0x00007ffc7b51b000 	C:\Users\Анастасия\.jdks\corretto-11.0.20.1\bin\server\jvm.dll
0x00007ffcad120000 - 0x00007ffcad1cf000 	C:\WINDOWS\System32\ADVAPI32.dll
0x00007ffcae340000 - 0x00007ffcae3dc000 	C:\WINDOWS\System32\sechost.dll
0x00007ffcae140000 - 0x00007ffcae266000 	C:\WINDOWS\System32\RPCRT4.dll
0x00007ffcae270000 - 0x00007ffcae278000 	C:\WINDOWS\System32\PSAPI.DLL
0x00007ffc8e850000 - 0x00007ffc8e859000 	C:\WINDOWS\SYSTEM32\WSOCK32.dll
0x00007ffcacc40000 - 0x00007ffcaccab000 	C:\WINDOWS\System32\WS2_32.dll
0x00007ffca53a0000 - 0x00007ffca53c7000 	C:\WINDOWS\SYSTEM32\WINMM.dll
0x00007ffca60a0000 - 0x00007ffca60aa000 	C:\WINDOWS\SYSTEM32\VERSION.dll
0x00007ffca99d0000 - 0x00007ffca99e2000 	C:\WINDOWS\SYSTEM32\kernel.appcore.dll
0x00007ffca5a90000 - 0x00007ffca5aa0000 	C:\Users\Анастасия\.jdks\corretto-11.0.20.1\bin\verify.dll
0x00007ffca5800000 - 0x00007ffca59e4000 	C:\WINDOWS\SYSTEM32\DBGHELP.DLL
0x00007ffca55b0000 - 0x00007ffca55e4000 	C:\WINDOWS\SYSTEM32\dbgcore.DLL
0x00007ffcabb00000 - 0x00007ffcabb82000 	C:\WINDOWS\System32\bcryptPrimitives.dll
0x00007ffca4580000 - 0x00007ffca45a8000 	C:\Users\Анастасия\.jdks\corretto-11.0.20.1\bin\java.dll
0x00007ffca46c0000 - 0x00007ffca46ca000 	C:\Users\Анастасия\.jdks\corretto-11.0.20.1\bin\jimage.dll
0x00007ffca64c0000 - 0x00007ffca64ce000 	C:\Users\Анастасия\.jdks\corretto-11.0.20.1\bin\instrument.dll
0x00007ffca3a10000 - 0x00007ffca3a28000 	C:\Users\Анастасия\.jdks\corretto-11.0.20.1\bin\zip.dll
0x00007ffcad780000 - 0x00007ffcadec4000 	C:\WINDOWS\System32\SHELL32.dll
0x00007ffca9bd0000 - 0x00007ffcaa364000 	C:\WINDOWS\SYSTEM32\windows.storage.dll
0x00007ffcad200000 - 0x00007ffcad554000 	C:\WINDOWS\System32\combase.dll
0x00007ffcab540000 - 0x00007ffcab56e000 	C:\WINDOWS\SYSTEM32\Wldp.dll
0x00007ffcad6d0000 - 0x00007ffcad77d000 	C:\WINDOWS\System32\SHCORE.dll
0x00007ffcac480000 - 0x00007ffcac4d5000 	C:\WINDOWS\System32\shlwapi.dll
0x00007ffcaba30000 - 0x00007ffcaba55000 	C:\WINDOWS\SYSTEM32\profapi.dll
0x00007ffca3390000 - 0x00007ffca33a9000 	C:\Users\Анастасия\.jdks\corretto-11.0.20.1\bin\net.dll
0x00007ffca4800000 - 0x00007ffca490a000 	C:\WINDOWS\SYSTEM32\WINHTTP.dll
0x00007ffcab2a0000 - 0x00007ffcab30a000 	C:\WINDOWS\system32\mswsock.dll
0x00007ffca3370000 - 0x00007ffca3383000 	C:\Users\Анастасия\.jdks\corretto-11.0.20.1\bin\nio.dll
0x00007ffc60e00000 - 0x00007ffc60e17000 	C:\WINDOWS\system32\napinsp.dll
0x00007ffc60e20000 - 0x00007ffc60e3b000 	C:\WINDOWS\system32\pnrpnsp.dll
0x00007ffc94620000 - 0x00007ffc94635000 	C:\WINDOWS\system32\wshbth.dll
0x00007ffca62b0000 - 0x00007ffca62cd000 	C:\WINDOWS\system32\NLAapi.dll
0x00007ffcaaf40000 - 0x00007ffcaaf7c000 	C:\WINDOWS\SYSTEM32\IPHLPAPI.DLL
0x00007ffcaaf90000 - 0x00007ffcab05a000 	C:\WINDOWS\SYSTEM32\DNSAPI.dll
0x00007ffcae030000 - 0x00007ffcae038000 	C:\WINDOWS\System32\NSI.dll
0x00007ffc60e40000 - 0x00007ffc60e52000 	C:\WINDOWS\System32\winrnr.dll
0x00007ffc9bc20000 - 0x00007ffc9bc2a000 	C:\Windows\System32\rasadhlp.dll
0x00007ffc9b5f0000 - 0x00007ffc9b672000 	C:\WINDOWS\System32\fwpuclnt.dll
0x00007ffcabf30000 - 0x00007ffcabf57000 	C:\WINDOWS\System32\bcrypt.dll

dbghelp: loaded successfully - version: 4.0.5 - missing functions: none
symbol engine: initialized successfully - sym options: 0x614 - pdb path: .;C:\Users\Анастасия\.jdks\corretto-11.0.20.1\bin;C:\WINDOWS\SYSTEM32;C:\WINDOWS\WinSxS\amd64_microsoft.windows.common-controls_6595b64144ccf1df_6.0.19041.1110_none_60b5254171f9507e;C:\Users\Анастасия\.jdks\corretto-11.0.20.1\bin\server

VM Arguments:
jvm_args: -javaagent:C:\\Users\\Анастасия\\.m2\\repository\\org\\jacoco\\org.jacoco.agent\\0.8.5\\org.jacoco.agent-0.8.5-runtime.jar=destfile=C:\\Program Files\\папка проекта\\task8\\target\\jacoco.exec 
java_command: C:\Users\08DE~1\AppData\Local\Temp\surefire5305618374490598179\surefirebooter11002151156315195921.jar C:\Users\Анастасия\AppData\Local\Temp\surefire5305618374490598179 2023-10-15T21-03-07_216-jvmRun1 surefire7467819909937219717tmp surefire_01055303585175616213tmp
java_class_path (initial): C:\Users\08DE~1\AppData\Local\Temp\surefire5305618374490598179\surefirebooter11002151156315195921.jar
Launcher Type: SUN_STANDARD

[Global flags]
     intx CICompilerCount                          = 3                                         {product} {ergonomic}
     uint ConcGCThreads                            = 1                                         {product} {ergonomic}
     uint G1ConcRefinementThreads                  = 4                                         {product} {ergonomic}
   size_t G1HeapRegionSize                         = 1048576                                   {product} {ergonomic}
    uintx GCDrainStackTargetSize                   = 64                                        {product} {ergonomic}
   size_t InitialHeapSize                          = 134217728                                 {product} {ergonomic}
   size_t MarkStackSize                            = 4194304                                   {product} {ergonomic}
   size_t MaxHeapSize                              = 2118123520                                {product} {ergonomic}
   size_t MaxNewSize                               = 1270874112                                {product} {ergonomic}
   size_t MinHeapDeltaBytes                        = 1048576                                   {product} {ergonomic}
    uintx NonNMethodCodeHeapSize                   = 5830732                                {pd product} {ergonomic}
    uintx NonProfiledCodeHeapSize                  = 122913754                              {pd product} {ergonomic}
    uintx ProfiledCodeHeapSize                     = 122913754                              {pd product} {ergonomic}
    uintx ReservedCodeCacheSize                    = 251658240                              {pd product} {ergonomic}
     bool SegmentedCodeCache                       = true                                      {product} {ergonomic}
     bool UseCompressedClassPointers               = true                                 {lp64_product} {ergonomic}
     bool UseCompressedOops                        = true                                 {lp64_product} {ergonomic}
     bool UseG1GC                                  = true                                      {product} {ergonomic}
     bool UseLargePagesIndividualAllocation        = false                                  {pd product} {ergonomic}

Logging:
Log output configuration:
 #0: stdout all=warning uptime,level,tags
 #1: stderr all=off uptime,level,tags

Environment Variables:
PATH=C:\Program Files (x86)\Common Files\Oracle\Java\javapath;C:\WINDOWS\system32;C:\WINDOWS;C:\WINDOWS\System32\Wbem;C:\WINDOWS\System32\WindowsPowerShell\v1.0\;C:\WINDOWS\System32\OpenSSH\;C:\Program Files\Git\cmd;C:\Program Files (x86)\Microsoft SQL Server\160\Tools\Binn\;C:\Program Files\Microsoft SQL Server\160\Tools\Binn\;C:\Program Files\Microsoft SQL Server\Client SDK\ODBC\170\Tools\Binn\;C:\Program Files\Microsoft SQL Server\160\DTS\Binn\;C:\Program Files\Azure Data Studio\bin;C:\Program Files (x86)\Microsoft SQL Server\160\DTS\Binn\;C:\Users\Анастасия\AppData\Local\Microsoft\WindowsApps;;C:\Users\Анастасия\AppData\Local\Programs\Microsoft VS Code\bin;C:\Program Files\Azure Data Studio\bin
USERNAME=Анастасия
OS=Windows_NT
PROCESSOR_IDENTIFIER=Intel64 Family 6 Model 60 Stepping 3, GenuineIntel
TMP=C:\Users\08DE~1\AppData\Local\Temp
TEMP=C:\Users\08DE~1\AppData\Local\Temp



---------------  S Y S T E M  ---------------

OS: Windows 10 , 64 bit Build 19041 (10.0.19041.3155)
OS uptime: 0 days 4:52 hours

CPU:total 4 (initial active 4) (4 cores per cpu, 1 threads per core) family 6 model 60 stepping 3 microcode 0x27, cmov, cx8, fxsr, mmx, sse, sse2, sse3, ssse3, sse4.1, sse4.2, popcnt, avx, avx2, aes, clmul, erms, lzcnt, tsc, tscinvbit, bmi1, bmi2, fma

Memory: 4k page, system-wide physical 8073M (2146M free)
TotalPageFile size 13238M (AvailPageFile size 2093M)
current process WorkingSet (physical memory assigned to process): 40M, peak: 40M
current process commit charge ("private bytes"): 199M, peak: 199M

vm_info: OpenJDK 64-Bit Server VM (11.0.20.1+9-LTS) for windows-amd64 JRE (11.0.20.1+9-LTS), built on Aug 19 2023 03:46:24 by "Administrator" with MS VC++ 15.9 (VS2017)

END.
